  [1m[35m (246.1ms)[0m  [1m[35mCREATE DATABASE "mini_capstone_api_development" ENCODING = 'unicode'[0m
  [1m[35m (77.2ms)[0m  [1m[35mCREATE DATABASE "mini_capstone_api_test" ENCODING = 'unicode'[0m
  [1m[35m (24.4ms)[0m  [1m[35mCREATE TABLE "schema_migrations" ("version" character varying NOT NULL PRIMARY KEY)[0m
  [1m[35m (3.0ms)[0m  [1m[35mCREATE TABLE "ar_internal_metadata" ("key" character varying NOT NULL PRIMARY KEY, "value" character varying, "created_at" timestamp(6) NOT NULL, "updated_at" timestamp(6) NOT NULL)[0m
  [1m[35m (19.3ms)[0m  [1m[34mSELECT pg_try_advisory_lock(6108137445983127870)[0m
  [1m[36mActiveRecord::SchemaMigration Pluck (1.1ms)[0m  [1m[34mSELECT "schema_migrations"."version" FROM "schema_migrations" ORDER BY "schema_migrations"."version" ASC[0m
Migrating to CreateProducts (20220630163441)
  [1m[36mTRANSACTION (0.4ms)[0m  [1m[35mBEGIN[0m
  [1m[35m (7.7ms)[0m  [1m[35mCREATE TABLE "products" ("id" bigserial primary key, "name" character varying, "price" integer, "image_url" character varying, "description" character varying, "created_at" timestamp(6) NOT NULL, "updated_at" timestamp(6) NOT NULL)[0m
  [1m[36mActiveRecord::SchemaMigration Create (1.7ms)[0m  [1m[32mINSERT INTO "schema_migrations" ("version") VALUES ($1) RETURNING "version"[0m  [["version", "20220630163441"]]
  [1m[36mTRANSACTION (0.4ms)[0m  [1m[35mCOMMIT[0m
  [1m[36mActiveRecord::InternalMetadata Load (0.6ms)[0m  [1m[34mSELECT "ar_internal_metadata".* FROM "ar_internal_metadata" WHERE "ar_internal_metadata"."key" = $1 LIMIT $2[0m  [["key", "environment"], ["LIMIT", 1]]
  [1m[36mTRANSACTION (1.2ms)[0m  [1m[35mBEGIN[0m
  [1m[36mActiveRecord::InternalMetadata Create (6.7ms)[0m  [1m[32mINSERT INTO "ar_internal_metadata" ("key", "value", "created_at", "updated_at") VALUES ($1, $2, $3, $4) RETURNING "key"[0m  [["key", "environment"], ["value", "development"], ["created_at", "2022-06-30 16:36:11.786900"], ["updated_at", "2022-06-30 16:36:11.786900"]]
  [1m[36mTRANSACTION (0.6ms)[0m  [1m[35mCOMMIT[0m
  [1m[35m (1.3ms)[0m  [1m[34mSELECT pg_advisory_unlock(6108137445983127870)[0m
  [1m[36mActiveRecord::SchemaMigration Pluck (1.6ms)[0m  [1m[34mSELECT "schema_migrations"."version" FROM "schema_migrations" ORDER BY "schema_migrations"."version" ASC[0m
  [1m[36mActiveRecord::SchemaMigration Pluck (1.0ms)[0m  [1m[34mSELECT "schema_migrations"."version" FROM "schema_migrations" ORDER BY "schema_migrations"."version" ASC[0m
  [1m[36mActiveRecord::SchemaMigration Pluck (1.8ms)[0m  [1m[34mSELECT "schema_migrations"."version" FROM "schema_migrations" ORDER BY "schema_migrations"."version" ASC[0m
  [1m[36mActiveRecord::SchemaMigration Pluck (1.3ms)[0m  [1m[34mSELECT "schema_migrations"."version" FROM "schema_migrations" ORDER BY "schema_migrations"."version" ASC[0m
  [1m[36mActiveRecord::SchemaMigration Pluck (1.5ms)[0m  [1m[34mSELECT "schema_migrations"."version" FROM "schema_migrations" ORDER BY "schema_migrations"."version" ASC[0m
  [1m[36mActiveRecord::SchemaMigration Pluck (0.9ms)[0m  [1m[34mSELECT "schema_migrations"."version" FROM "schema_migrations" ORDER BY "schema_migrations"."version" ASC[0m
  [1m[35m (0.2ms)[0m  [1m[34mSELECT pg_try_advisory_lock(6108137445983127870)[0m
  [1m[36mActiveRecord::SchemaMigration Pluck (0.8ms)[0m  [1m[34mSELECT "schema_migrations"."version" FROM "schema_migrations" ORDER BY "schema_migrations"."version" ASC[0m
  [1m[36mActiveRecord::InternalMetadata Load (1.7ms)[0m  [1m[34mSELECT "ar_internal_metadata".* FROM "ar_internal_metadata" WHERE "ar_internal_metadata"."key" = $1 LIMIT $2[0m  [["key", "environment"], ["LIMIT", 1]]
  [1m[35m (0.3ms)[0m  [1m[34mSELECT pg_advisory_unlock(6108137445983127870)[0m
  [1m[36mActiveRecord::SchemaMigration Pluck (0.4ms)[0m  [1m[34mSELECT "schema_migrations"."version" FROM "schema_migrations" ORDER BY "schema_migrations"."version" ASC[0m
  [1m[36mActiveRecord::SchemaMigration Pluck (1.4ms)[0m  [1m[34mSELECT "schema_migrations"."version" FROM "schema_migrations" ORDER BY "schema_migrations"."version" ASC[0m
  [1m[36mActiveRecord::SchemaMigration Pluck (1.5ms)[0m  [1m[34mSELECT "schema_migrations"."version" FROM "schema_migrations" ORDER BY "schema_migrations"."version" ASC[0m
  [1m[36mActiveRecord::SchemaMigration Pluck (1.5ms)[0m  [1m[34mSELECT "schema_migrations"."version" FROM "schema_migrations" ORDER BY "schema_migrations"."version" ASC[0m
  [1m[36mProduct Load (1.6ms)[0m  [1m[34mSELECT "products".* FROM "products"[0m
  [1m[36mActiveRecord::SchemaMigration Pluck (1.5ms)[0m  [1m[34mSELECT "schema_migrations"."version" FROM "schema_migrations" ORDER BY "schema_migrations"."version" ASC[0m
  [1m[36mTRANSACTION (0.2ms)[0m  [1m[35mBEGIN[0m
  [1m[36mProduct Create (10.0ms)[0m  [1m[32mINSERT INTO "products" ("name", "price", "image_url", "description", "created_at", "updated_at") VALUES ($1, $2, $3, $4, $5, $6) RETURNING "id"[0m  [["name", "iPhone"], ["price", 900], ["image_url", "https://images.unsplash.com/photo-1525598912003-663126343e1f?ixlib=rb-1.2.1&ixid=MnwxMjA3fDB8MHxzZWFyY2h8MXx8cGhvbmV8ZW58MHx8MHx8&auto=format&fit=crop&w=500&q=60"], ["description", "The iPhone is a smartphone made by Apple that combines a computer, iPod, digital camera and cellular phone into one device with a touchscreen interface."], ["created_at", "2022-06-30 17:11:29.974128"], ["updated_at", "2022-06-30 17:11:29.974128"]]
  [1m[36mTRANSACTION (0.6ms)[0m  [1m[35mCOMMIT[0m
  [1m[36mTRANSACTION (0.1ms)[0m  [1m[35mBEGIN[0m
  [1m[36mProduct Create (0.4ms)[0m  [1m[32mINSERT INTO "products" ("name", "price", "image_url", "description", "created_at", "updated_at") VALUES ($1, $2, $3, $4, $5, $6) RETURNING "id"[0m  [["name", "keyboard"], ["price", 30], ["image_url", "https://images.unsplash.com/photo-1587829741301-dc798b83add3?ixlib=rb-1.2.1&ixid=MnwxMjA3fDB8MHxwaG90by1wYWdlfHx8fGVufDB8fHx8&auto=format&fit=crop&w=865&q=80"], ["description", "A computer keyboard is an input device used to enter characters and functions into the computer system by pressing buttons, or keys. It is the primary device used to enter text. A keyboard typically contains keys for individual letters, numbers and special characters"], ["created_at", "2022-06-30 17:11:29.989236"], ["updated_at", "2022-06-30 17:11:29.989236"]]
  [1m[36mTRANSACTION (0.3ms)[0m  [1m[35mCOMMIT[0m
  [1m[36mTRANSACTION (0.1ms)[0m  [1m[35mBEGIN[0m
  [1m[36mProduct Create (0.4ms)[0m  [1m[32mINSERT INTO "products" ("name", "price", "image_url", "description", "created_at", "updated_at") VALUES ($1, $2, $3, $4, $5, $6) RETURNING "id"[0m  [["name", "iron man"], ["price", 50], ["image_url", "https://images.unsplash.com/photo-1608278047522-58806a6ac85b?ixlib=rb-1.2.1&ixid=MnwxMjA3fDB8MHxzZWFyY2h8MXx8YWN0aW9uJTIwZmlndXJlfGVufDB8fDB8fA%3D%3D&auto=format&fit=crop&w=500&q=60"], ["description", "Armored Avenger - driven by a heart that is part machine, but all hero! He is the INVINCIBLE IRON MAN! Iron Man's Powers and Abilities: Wears modular arc reactor-powered Iron Man armor, granting superhuman strength & durability, the ability to fly & project Repulsor blasts."], ["created_at", "2022-06-30 17:11:29.999989"], ["updated_at", "2022-06-30 17:11:29.999989"]]
  [1m[36mTRANSACTION (0.2ms)[0m  [1m[35mCOMMIT[0m
  [1m[36mTRANSACTION (0.1ms)[0m  [1m[35mBEGIN[0m
  [1m[36mProduct Create (0.4ms)[0m  [1m[32mINSERT INTO "products" ("name", "price", "image_url", "description", "created_at", "updated_at") VALUES ($1, $2, $3, $4, $5, $6) RETURNING "id"[0m  [["name", "deadpool"], ["price", 55], ["image_url", "https://images.unsplash.com/photo-1608889335941-32ac5f2041b9?ixlib=rb-1.2.1&ixid=MnwxMjA3fDB8MHxzZWFyY2h8NXx8YWN0aW9uJTIwZmlndXJlfGVufDB8fDB8fA%3D%3D&auto=format&fit=crop&w=500&q=60"], ["description", "Deadpool, whose real name is Wade Winston Wilson, is a disfigured mercenary with the superhuman ability of regeneration and physical prowess. The character is known as the Merc with a Mouth because of his tendency to talk and joke constantly, including breaking the fourth wall for humorous effect and running gags."], ["created_at", "2022-06-30 17:11:30.003043"], ["updated_at", "2022-06-30 17:11:30.003043"]]
  [1m[36mTRANSACTION (0.2ms)[0m  [1m[35mCOMMIT[0m
  [1m[36mTRANSACTION (0.1ms)[0m  [1m[35mBEGIN[0m
  [1m[36mProduct Create (0.4ms)[0m  [1m[32mINSERT INTO "products" ("name", "price", "image_url", "description", "created_at", "updated_at") VALUES ($1, $2, $3, $4, $5, $6) RETURNING "id"[0m  [["name", "stormtrooper"], ["price", 10], ["image_url", "https://images.unsplash.com/photo-1608889825271-9696283ab804?ixlib=rb-1.2.1&ixid=MnwxMjA3fDB8MHxzZWFyY2h8MTh8fGFjdGlvbiUyMGZpZ3VyZXxlbnwwfHwwfHw%3D&auto=format&fit=crop&w=500&q=60"], ["description", "Stormtroopers are elite shock troops fanatically loyal to the Empire and impossible to sway from the Imperial cause. They wear imposing white armor, which offers a wide range of survival equipment and temperature controls to allow the soldiers to survive in almost any environment."], ["created_at", "2022-06-30 17:11:30.005977"], ["updated_at", "2022-06-30 17:11:30.005977"]]
  [1m[36mTRANSACTION (0.3ms)[0m  [1m[35mCOMMIT[0m
  [1m[36mTRANSACTION (0.1ms)[0m  [1m[35mBEGIN[0m
  [1m[36mProduct Create (0.3ms)[0m  [1m[32mINSERT INTO "products" ("name", "price", "image_url", "description", "created_at", "updated_at") VALUES ($1, $2, $3, $4, $5, $6) RETURNING "id"[0m  [["name", "junk"], ["price", 20], ["image_url", "https://images.unsplash.com/photo-1609041958269-fc44467d925d?ixlib=rb-1.2.1&ixid=MnwxMjA3fDB8MHxzZWFyY2h8NHx8c3R1ZmZ8ZW58MHx8MHx8&auto=format&fit=crop&w=500&q=60"], ["description", "Junk is defined as garbage, trash or worthless items, talk or ideas, or to bonds that are unlikely to be paid back to the investor, or is slang for a narcotic drug. Crumpled up papers and old toys are an example of junk. Silly reality television shows with no merit to them are an example of junk."], ["created_at", "2022-06-30 17:11:30.008969"], ["updated_at", "2022-06-30 17:11:30.008969"]]
  [1m[36mTRANSACTION (0.5ms)[0m  [1m[35mCOMMIT[0m
  [1m[36mTRANSACTION (0.1ms)[0m  [1m[35mBEGIN[0m
  [1m[36mProduct Create (0.2ms)[0m  [1m[32mINSERT INTO "products" ("name", "price", "image_url", "description", "created_at", "updated_at") VALUES ($1, $2, $3, $4, $5, $6) RETURNING "id"[0m  [["name", "game"], ["price", 5], ["image_url", "https://images.unsplash.com/photo-1611996575749-79a3a250f948?ixlib=rb-1.2.1&ixid=MnwxMjA3fDB8MHxzZWFyY2h8Nnx8Z2FtZXxlbnwwfHwwfHw%3D&auto=format&fit=crop&w=500&q=60"], ["description", "a structured form of play, usually undertaken for entertainment or fun, and sometimes used as an educational tool. Games are different from work, which is usually carried out for remuneration, and from art, which is more often an expression of aesthetic or ideological elements."], ["created_at", "2022-06-30 17:11:30.011935"], ["updated_at", "2022-06-30 17:11:30.011935"]]
  [1m[36mTRANSACTION (0.2ms)[0m  [1m[35mCOMMIT[0m
  [1m[36mProduct Load (1.0ms)[0m  [1m[34mSELECT "products".* FROM "products"[0m
Started GET "/contact_all" for ::1 at 2022-06-30 12:23:34 -0500
  [1m[36mActiveRecord::SchemaMigration Pluck (2.9ms)[0m  [1m[34mSELECT "schema_migrations"."version" FROM "schema_migrations" ORDER BY "schema_migrations"."version" ASC[0m
  
ActionController::RoutingError (No route matches [GET] "/contact_all"):
  
Started GET "/products_page" for ::1 at 2022-06-30 12:23:40 -0500
Processing by ProductsController#display_products as HTML
Completed 200 OK in 50ms (Views: 0.6ms | ActiveRecord: 31.9ms | Allocations: 5656)


Started GET "/favicon.ico" for ::1 at 2022-06-30 12:23:41 -0500
  
ActionController::RoutingError (No route matches [GET] "/favicon.ico"):
  
Started GET "/products_page" for ::1 at 2022-06-30 12:24:02 -0500
Processing by ProductsController#display_products as HTML
  [1m[36mProduct Load (4.1ms)[0m  [1m[34mSELECT "products".* FROM "products"[0m
  ↳ app/controllers/products_controller.rb:4:in `display_products'
Completed 200 OK in 19ms (Views: 0.5ms | ActiveRecord: 10.5ms | Allocations: 4482)


  [1m[36mProduct Load (1.7ms)[0m  [1m[34mSELECT "products".* FROM "products"[0m
Started GET "/deadpool_figure_page" for ::1 at 2022-06-30 12:31:56 -0500
Processing by ProductsController#deadpool_figure as HTML
Completed 500 Internal Server Error in 6ms (Allocations: 4223)


  
NoMethodError (undefined method `[]' for Product:Class):
  
app/controllers/products_controller.rb:11:in `deadpool_figure'
Started GET "/deadpool_figure_page" for ::1 at 2022-06-30 12:32:31 -0500
Processing by ProductsController#deadpool_figure as HTML
  [1m[36mProduct Load (1.5ms)[0m  [1m[34mSELECT "products".* FROM "products"[0m
  ↳ app/controllers/products_controller.rb:12:in `deadpool_figure'
Completed 200 OK in 47ms (Views: 2.7ms | ActiveRecord: 15.6ms | Allocations: 5717)


Started GET "/ironman_figure_page" for ::1 at 2022-06-30 12:33:37 -0500
Processing by ProductsController#ironman_figure as HTML
  [1m[36mProduct Load (1.2ms)[0m  [1m[34mSELECT "products".* FROM "products"[0m
  ↳ app/controllers/products_controller.rb:16:in `ironman_figure'
Completed 200 OK in 21ms (Views: 0.3ms | ActiveRecord: 13.6ms | Allocations: 3596)


Started GET "/deadpool_figure_page" for ::1 at 2022-06-30 12:33:47 -0500
Processing by ProductsController#deadpool_figure as HTML
  [1m[36mProduct Load (0.8ms)[0m  [1m[34mSELECT "products".* FROM "products"[0m
  ↳ app/controllers/products_controller.rb:11:in `deadpool_figure'
Completed 200 OK in 5ms (Views: 0.5ms | ActiveRecord: 0.8ms | Allocations: 818)


Started GET "/game_page" for ::1 at 2022-06-30 12:33:56 -0500
Processing by ProductsController#game as HTML
  [1m[36mProduct Load (0.7ms)[0m  [1m[34mSELECT "products".* FROM "products"[0m
  ↳ app/controllers/products_controller.rb:21:in `game'
Completed 200 OK in 7ms (Views: 0.3ms | ActiveRecord: 0.7ms | Allocations: 820)


Started GET "/products_page" for ::1 at 2022-06-30 12:42:47 -0500
Processing by ProductsController#display_products as HTML
  [1m[36mProduct Load (1.6ms)[0m  [1m[34mSELECT "products".* FROM "products"[0m
  ↳ app/controllers/products_controller.rb:4:in `display_products'
Completed 200 OK in 98ms (Views: 1.5ms | ActiveRecord: 32.3ms | Allocations: 3835)


Started GET "/" for ::1 at 2022-06-30 12:52:24 -0500
  [1m[36mActiveRecord::SchemaMigration Pluck (0.8ms)[0m  [1m[34mSELECT "schema_migrations"."version" FROM "schema_migrations" ORDER BY "schema_migrations"."version" ASC[0m
Processing by Rails::WelcomeController#index as HTML
  Rendering /Users/codingbootcamp/.rbenv/versions/3.1.2/lib/ruby/gems/3.1.0/gems/railties-7.0.3/lib/rails/templates/rails/welcome/index.html.erb
  Rendered /Users/codingbootcamp/.rbenv/versions/3.1.2/lib/ruby/gems/3.1.0/gems/railties-7.0.3/lib/rails/templates/rails/welcome/index.html.erb (Duration: 0.9ms | Allocations: 537)
Completed 200 OK in 8ms (Views: 2.3ms | ActiveRecord: 0.0ms | Allocations: 3972)


Started GET "/products_page" for ::1 at 2022-06-30 12:52:51 -0500
Processing by ProductsController#display_products as HTML
  [1m[36mProduct Load (2.2ms)[0m  [1m[34mSELECT "products".* FROM "products"[0m
  ↳ app/controllers/products_controller.rb:4:in `display_products'
Completed 200 OK in 43ms (Views: 1.4ms | ActiveRecord: 22.2ms | Allocations: 7338)


Started GET "/products_page" for ::1 at 2022-06-30 12:54:32 -0500
Processing by ProductsController#display_products as HTML
  [1m[36mProduct Load (0.7ms)[0m  [1m[34mSELECT "products".* FROM "products"[0m
  ↳ app/controllers/products_controller.rb:4:in `display_products'
Completed 200 OK in 6ms (Views: 0.6ms | ActiveRecord: 0.7ms | Allocations: 1607)


Started GET "/products_page" for ::1 at 2022-06-30 12:54:55 -0500
Processing by ProductsController#display_products as HTML
  [1m[36mProduct Load (0.4ms)[0m  [1m[34mSELECT "products".* FROM "products"[0m
  ↳ app/controllers/products_controller.rb:4:in `display_products'
Completed 200 OK in 6ms (Views: 2.3ms | ActiveRecord: 0.4ms | Allocations: 1521)


Started GET "/products_page" for ::1 at 2022-06-30 12:55:14 -0500
Processing by ProductsController#display_products as HTML
  [1m[36mProduct Load (0.6ms)[0m  [1m[34mSELECT "products".* FROM "products"[0m
  ↳ app/controllers/products_controller.rb:4:in `display_products'
Completed 200 OK in 9ms (Views: 0.6ms | ActiveRecord: 0.6ms | Allocations: 1521)


Started GET "/products_page" for ::1 at 2022-06-30 13:00:23 -0500
Processing by ProductsController#display_products as HTML
  [1m[36mProduct Load (4.6ms)[0m  [1m[34mSELECT "products".* FROM "products"[0m
  ↳ app/controllers/products_controller.rb:4:in `display_products'
Completed 200 OK in 14ms (Views: 1.0ms | ActiveRecord: 4.6ms | Allocations: 1507)


Started GET "/products_page" for ::1 at 2022-06-30 13:02:41 -0500
Processing by ProductsController#display_products as HTML
  [1m[36mProduct Load (1.2ms)[0m  [1m[34mSELECT "products".* FROM "products"[0m
  ↳ app/controllers/products_controller.rb:4:in `display_products'
Completed 200 OK in 14ms (Views: 2.6ms | ActiveRecord: 1.2ms | Allocations: 1507)


Started GET "/products_page" for ::1 at 2022-06-30 13:03:10 -0500
Processing by ProductsController#display_products as HTML
  [1m[36mProduct Load (0.8ms)[0m  [1m[34mSELECT "products".* FROM "products"[0m
  ↳ app/controllers/products_controller.rb:4:in `display_products'
Completed 200 OK in 47ms (Views: 0.7ms | ActiveRecord: 0.8ms | Allocations: 1508)


Started GET "/products_page" for ::1 at 2022-06-30 13:05:02 -0500
Processing by ProductsController#display_products as HTML
  [1m[36mProduct Load (0.9ms)[0m  [1m[34mSELECT "products".* FROM "products"[0m
  ↳ app/controllers/products_controller.rb:4:in `display_products'
Completed 200 OK in 9ms (Views: 1.0ms | ActiveRecord: 0.9ms | Allocations: 1507)


Started GET "/products_page" for ::1 at 2022-06-30 13:05:41 -0500
Processing by ProductsController#display_products as HTML
  [1m[36mProduct Load (0.6ms)[0m  [1m[34mSELECT "products".* FROM "products"[0m
  ↳ app/controllers/products_controller.rb:4:in `display_products'
Completed 200 OK in 13ms (Views: 2.6ms | ActiveRecord: 0.6ms | Allocations: 1507)


Started GET "/products_page" for ::1 at 2022-06-30 13:05:45 -0500
Processing by ProductsController#display_products as HTML
  [1m[36mProduct Load (0.8ms)[0m  [1m[34mSELECT "products".* FROM "products"[0m
  ↳ app/controllers/products_controller.rb:4:in `display_products'
Completed 200 OK in 7ms (Views: 1.0ms | ActiveRecord: 0.8ms | Allocations: 1507)


Started GET "/products_page" for ::1 at 2022-06-30 13:05:55 -0500
Processing by ProductsController#display_products as HTML
  [1m[36mProduct Load (0.4ms)[0m  [1m[34mSELECT "products".* FROM "products"[0m
  ↳ app/controllers/products_controller.rb:4:in `display_products'
Completed 200 OK in 6ms (Views: 1.1ms | ActiveRecord: 0.4ms | Allocations: 1507)


Started GET "/products_page" for ::1 at 2022-06-30 13:06:08 -0500
Processing by ProductsController#display_products as HTML
  [1m[36mProduct Load (1.0ms)[0m  [1m[34mSELECT "products".* FROM "products"[0m
  ↳ app/controllers/products_controller.rb:4:in `display_products'
Completed 200 OK in 13ms (Views: 6.8ms | ActiveRecord: 1.0ms | Allocations: 1507)


Started GET "/products_page" for ::1 at 2022-06-30 13:06:44 -0500
Processing by ProductsController#display_products as HTML
  [1m[36mProduct Load (0.7ms)[0m  [1m[34mSELECT "products".* FROM "products"[0m
  ↳ app/controllers/products_controller.rb:4:in `display_products'
Completed 200 OK in 16ms (Views: 6.4ms | ActiveRecord: 0.7ms | Allocations: 1508)


Started GET "/products_page" for ::1 at 2022-06-30 13:06:58 -0500
Processing by ProductsController#display_products as HTML
  [1m[36mProduct Load (0.5ms)[0m  [1m[34mSELECT "products".* FROM "products"[0m
  ↳ app/controllers/products_controller.rb:4:in `display_products'
Completed 200 OK in 6ms (Views: 1.0ms | ActiveRecord: 0.5ms | Allocations: 1507)


Started GET "/products_page" for ::1 at 2022-06-30 13:07:33 -0500
Processing by ProductsController#display_products as HTML
  [1m[36mProduct Load (0.8ms)[0m  [1m[34mSELECT "products".* FROM "products"[0m
  ↳ app/controllers/products_controller.rb:4:in `display_products'
Completed 200 OK in 9ms (Views: 0.7ms | ActiveRecord: 0.8ms | Allocations: 1507)


Started GET "/products_page" for ::1 at 2022-06-30 13:08:22 -0500
Processing by ProductsController#display_products as HTML
  [1m[36mProduct Load (0.7ms)[0m  [1m[34mSELECT "products".* FROM "products"[0m
  ↳ app/controllers/products_controller.rb:4:in `display_products'
Completed 200 OK in 11ms (Views: 1.2ms | ActiveRecord: 0.7ms | Allocations: 1507)


Started GET "/products_page" for ::1 at 2022-06-30 13:12:26 -0500
Processing by ProductsController#display_products as HTML
  [1m[36mProduct Load (0.9ms)[0m  [1m[34mSELECT "products".* FROM "products"[0m
  ↳ app/controllers/products_controller.rb:4:in `display_products'
Completed 200 OK in 15ms (Views: 5.0ms | ActiveRecord: 0.9ms | Allocations: 1507)


Started GET "/products_page" for ::1 at 2022-06-30 13:13:12 -0500
Processing by ProductsController#display_products as HTML
  [1m[36mProduct Load (1.6ms)[0m  [1m[34mSELECT "products".* FROM "products"[0m
  ↳ app/controllers/products_controller.rb:4:in `display_products'
Completed 200 OK in 17ms (Views: 1.3ms | ActiveRecord: 1.6ms | Allocations: 1507)


Started GET "/products_page" for ::1 at 2022-06-30 13:13:27 -0500
Processing by ProductsController#display_products as HTML
  [1m[36mProduct Load (0.4ms)[0m  [1m[34mSELECT "products".* FROM "products"[0m
  ↳ app/controllers/products_controller.rb:4:in `display_products'
Completed 200 OK in 8ms (Views: 2.6ms | ActiveRecord: 0.4ms | Allocations: 1507)


Started GET "/products_page" for ::1 at 2022-06-30 13:14:24 -0500
Processing by ProductsController#display_products as HTML
  [1m[36mProduct Load (1.1ms)[0m  [1m[34mSELECT "products".* FROM "products"[0m
  ↳ app/controllers/products_controller.rb:4:in `display_products'
Completed 200 OK in 19ms (Views: 1.9ms | ActiveRecord: 1.1ms | Allocations: 1507)


Started GET "/products_page" for ::1 at 2022-06-30 13:14:27 -0500
Processing by ProductsController#display_products as HTML
  [1m[36mProduct Load (0.7ms)[0m  [1m[34mSELECT "products".* FROM "products"[0m
  ↳ app/controllers/products_controller.rb:4:in `display_products'
Completed 200 OK in 6ms (Views: 0.9ms | ActiveRecord: 0.7ms | Allocations: 1507)


Started GET "/products_page" for ::1 at 2022-06-30 13:15:13 -0500
Processing by ProductsController#display_products as HTML
  [1m[36mProduct Load (0.8ms)[0m  [1m[34mSELECT "products".* FROM "products"[0m
  ↳ app/controllers/products_controller.rb:4:in `display_products'
Completed 200 OK in 7ms (Views: 0.9ms | ActiveRecord: 0.8ms | Allocations: 1507)


Started GET "/products_page" for ::1 at 2022-06-30 13:15:23 -0500
Processing by ProductsController#display_products as HTML
  [1m[36mProduct Load (0.6ms)[0m  [1m[34mSELECT "products".* FROM "products"[0m
  ↳ app/controllers/products_controller.rb:4:in `display_products'
Completed 200 OK in 6ms (Views: 1.3ms | ActiveRecord: 0.6ms | Allocations: 1507)


Started GET "/products_page" for ::1 at 2022-06-30 13:16:58 -0500
Processing by ProductsController#display_products as HTML
  [1m[36mProduct Load (0.6ms)[0m  [1m[34mSELECT "products".* FROM "products"[0m
  ↳ app/controllers/products_controller.rb:4:in `display_products'
Completed 200 OK in 8ms (Views: 0.9ms | ActiveRecord: 0.6ms | Allocations: 1507)


Started GET "/products_page" for ::1 at 2022-06-30 13:17:22 -0500
Processing by ProductsController#display_products as HTML
  [1m[36mProduct Load (0.7ms)[0m  [1m[34mSELECT "products".* FROM "products"[0m
  ↳ app/controllers/products_controller.rb:4:in `display_products'
Completed 200 OK in 7ms (Views: 1.8ms | ActiveRecord: 0.7ms | Allocations: 1507)


Started GET "/products_page" for ::1 at 2022-06-30 13:17:50 -0500
Processing by ProductsController#display_products as HTML
  [1m[36mProduct Load (0.4ms)[0m  [1m[34mSELECT "products".* FROM "products"[0m
  ↳ app/controllers/products_controller.rb:4:in `display_products'
Completed 200 OK in 4ms (Views: 0.5ms | ActiveRecord: 0.4ms | Allocations: 1507)


Started GET "/products_page" for ::1 at 2022-06-30 13:18:18 -0500
Processing by ProductsController#display_products as HTML
  [1m[36mProduct Load (0.5ms)[0m  [1m[34mSELECT "products".* FROM "products"[0m
  ↳ app/controllers/products_controller.rb:4:in `display_products'
Completed 200 OK in 7ms (Views: 1.5ms | ActiveRecord: 0.5ms | Allocations: 1507)


Started GET "/products_page" for ::1 at 2022-06-30 13:18:36 -0500
Processing by ProductsController#display_products as HTML
  [1m[36mProduct Load (0.4ms)[0m  [1m[34mSELECT "products".* FROM "products"[0m
  ↳ app/controllers/products_controller.rb:4:in `display_products'
Completed 200 OK in 5ms (Views: 1.3ms | ActiveRecord: 0.4ms | Allocations: 1507)


Started GET "/products_page" for ::1 at 2022-06-30 13:18:48 -0500
Processing by ProductsController#display_products as HTML
  [1m[36mProduct Load (0.7ms)[0m  [1m[34mSELECT "products".* FROM "products"[0m
  ↳ app/controllers/products_controller.rb:4:in `display_products'
Completed 200 OK in 10ms (Views: 0.7ms | ActiveRecord: 0.7ms | Allocations: 1507)


Started GET "/products_page" for ::1 at 2022-06-30 13:19:11 -0500
Processing by ProductsController#display_products as HTML
  [1m[36mProduct Load (0.6ms)[0m  [1m[34mSELECT "products".* FROM "products"[0m
  ↳ app/controllers/products_controller.rb:4:in `display_products'
Completed 200 OK in 7ms (Views: 1.3ms | ActiveRecord: 0.6ms | Allocations: 1507)


Started GET "/products_page" for ::1 at 2022-06-30 13:19:25 -0500
Processing by ProductsController#display_products as HTML
  [1m[36mProduct Load (0.8ms)[0m  [1m[34mSELECT "products".* FROM "products"[0m
  ↳ app/controllers/products_controller.rb:4:in `display_products'
Completed 200 OK in 10ms (Views: 1.0ms | ActiveRecord: 0.8ms | Allocations: 1507)


Started GET "/products_page" for ::1 at 2022-06-30 13:21:46 -0500
Processing by ProductsController#display_products as HTML
  [1m[36mProduct Load (0.9ms)[0m  [1m[34mSELECT "products".* FROM "products"[0m
  ↳ app/controllers/products_controller.rb:4:in `display_products'
Completed 200 OK in 12ms (Views: 1.6ms | ActiveRecord: 0.9ms | Allocations: 1507)


Started GET "/products_page" for ::1 at 2022-06-30 13:22:09 -0500
Processing by ProductsController#display_products as HTML
  [1m[36mProduct Load (0.4ms)[0m  [1m[34mSELECT "products".* FROM "products"[0m
  ↳ app/controllers/products_controller.rb:4:in `display_products'
Completed 200 OK in 5ms (Views: 1.0ms | ActiveRecord: 0.4ms | Allocations: 1507)


Started GET "/products_page" for ::1 at 2022-06-30 13:22:31 -0500
Processing by ProductsController#display_products as HTML
  [1m[36mProduct Load (0.6ms)[0m  [1m[34mSELECT "products".* FROM "products"[0m
  ↳ app/controllers/products_controller.rb:4:in `display_products'
Completed 200 OK in 8ms (Views: 1.7ms | ActiveRecord: 0.6ms | Allocations: 1507)


Started GET "/products_page" for ::1 at 2022-06-30 13:22:42 -0500
Processing by ProductsController#display_products as HTML
  [1m[36mProduct Load (0.6ms)[0m  [1m[34mSELECT "products".* FROM "products"[0m
  ↳ app/controllers/products_controller.rb:4:in `display_products'
Completed 200 OK in 8ms (Views: 1.5ms | ActiveRecord: 0.6ms | Allocations: 1507)


Started GET "/products_page" for ::1 at 2022-06-30 13:23:31 -0500
Processing by ProductsController#display_products as HTML
  [1m[36mProduct Load (0.4ms)[0m  [1m[34mSELECT "products".* FROM "products"[0m
  ↳ app/controllers/products_controller.rb:4:in `display_products'
Completed 200 OK in 5ms (Views: 1.1ms | ActiveRecord: 0.4ms | Allocations: 1507)


Started GET "/products_page" for ::1 at 2022-06-30 13:23:59 -0500
Processing by ProductsController#display_products as HTML
  [1m[36mProduct Load (0.5ms)[0m  [1m[34mSELECT "products".* FROM "products"[0m
  ↳ app/controllers/products_controller.rb:4:in `display_products'
Completed 200 OK in 5ms (Views: 1.3ms | ActiveRecord: 0.5ms | Allocations: 1507)


Started GET "/products_page" for ::1 at 2022-06-30 13:25:38 -0500
Processing by ProductsController#display_products as HTML
  [1m[36mProduct Load (0.6ms)[0m  [1m[34mSELECT "products".* FROM "products"[0m
  ↳ app/controllers/products_controller.rb:4:in `display_products'
Completed 200 OK in 7ms (Views: 0.7ms | ActiveRecord: 0.6ms | Allocations: 1507)


Started GET "/products_page" for ::1 at 2022-06-30 13:26:50 -0500
Processing by ProductsController#display_products as HTML
  [1m[36mProduct Load (0.6ms)[0m  [1m[34mSELECT "products".* FROM "products"[0m
  ↳ app/controllers/products_controller.rb:4:in `display_products'
Completed 200 OK in 7ms (Views: 1.4ms | ActiveRecord: 0.6ms | Allocations: 1507)


Started GET "/products_page" for ::1 at 2022-06-30 13:26:59 -0500
Processing by ProductsController#display_products as HTML
  [1m[36mProduct Load (0.4ms)[0m  [1m[34mSELECT "products".* FROM "products"[0m
  ↳ app/controllers/products_controller.rb:4:in `display_products'
Completed 200 OK in 5ms (Views: 1.2ms | ActiveRecord: 0.4ms | Allocations: 1507)


