  [1m[35m (210.2ms)[0m  [1m[35mCREATE DATABASE "babys_first_rails_development" ENCODING = 'unicode'[0m
  [1m[35m (56.2ms)[0m  [1m[35mCREATE DATABASE "babys_first_rails_test" ENCODING = 'unicode'[0m
Started GET "/" for ::1 at 2022-06-29 20:40:45 -0500
Processing by Rails::WelcomeController#index as HTML
  Rendering /Users/codingbootcamp/.rbenv/versions/3.1.2/lib/ruby/gems/3.1.0/gems/railties-7.0.3/lib/rails/templates/rails/welcome/index.html.erb
  Rendered /Users/codingbootcamp/.rbenv/versions/3.1.2/lib/ruby/gems/3.1.0/gems/railties-7.0.3/lib/rails/templates/rails/welcome/index.html.erb (Duration: 1.4ms | Allocations: 644)
Completed 200 OK in 11ms (Views: 4.6ms | ActiveRecord: 0.0ms | Allocations: 4877)


Started GET "/favicon.ico" for ::1 at 2022-06-29 20:40:45 -0500
  
ActionController::RoutingError (No route matches [GET] "/favicon.ico"):
  
Started GET "/hello_path" for ::1 at 2022-06-29 20:40:48 -0500
  
ActionController::RoutingError (No route matches [GET] "/hello_path"):
  
Started GET "/hello_world" for ::1 at 2022-06-29 20:40:52 -0500
  
ActionController::RoutingError (No route matches [GET] "/hello_world"):
  
Started GET "/welcome_path" for ::1 at 2022-06-29 20:41:18 -0500
Processing by WelcomesController#hello_method as HTML
Completed 200 OK in 0ms (Views: 0.2ms | ActiveRecord: 0.0ms | Allocations: 282)


Started GET "/about_path" for ::1 at 2022-06-29 21:43:37 -0500
  
SyntaxError (/Users/codingbootcamp/Documents/Actualize/week02-practice/babys-first-rails/config/routes.rb:4: unterminated regexp meets end of file
/Users/codingbootcamp/Documents/Actualize/week02-practice/babys-first-rails/config/routes.rb:4: syntax error, unexpected end-of-input, expecting `end'):
  
config/routes.rb:4: unterminated regexp meets end of file
config/routes.rb:4: syntax error, unexpected end-of-input, expecting `end'
config/routes.rb:4: unterminated regexp meets end of file
config/routes.rb:4: syntax error, unexpected end-of-input, expecting `end'
Started GET "/about_path" for ::1 at 2022-06-29 21:44:15 -0500
  
SyntaxError (/Users/codingbootcamp/Documents/Actualize/week02-practice/babys-first-rails/app/controllers/welcomes_controller.rb:7: syntax error, unexpected '}', expecting =>
...gramming languate is RUBY!!!!"}
...                              ^
):
  
app/controllers/welcomes_controller.rb:7: syntax error, unexpected '}', expecting =>
app/controllers/welcomes_controller.rb:7: syntax error, unexpected '}', expecting =>
Started GET "/about_path" for ::1 at 2022-06-29 21:44:38 -0500
Processing by WelcomesController#about_method as HTML
Completed 200 OK in 1ms (Views: 0.2ms | Allocations: 216)


Started GET "/about_path" for ::1 at 2022-06-29 21:48:18 -0500
  
LoadError (cannot load such file -- /Users/codingbootcamp/Documents/Actualize/week02-practice/babys-first-rails/config/routes.rb):
  
bootsnap (1.12.0) lib/bootsnap/load_path_cache/core_ext/kernel_require.rb:39:in `load'
bootsnap (1.12.0) lib/bootsnap/load_path_cache/core_ext/kernel_require.rb:39:in `load'
railties (7.0.3) lib/rails/application/routes_reloader.rb:50:in `block in load_paths'
railties (7.0.3) lib/rails/application/routes_reloader.rb:50:in `each'
railties (7.0.3) lib/rails/application/routes_reloader.rb:50:in `load_paths'
railties (7.0.3) lib/rails/application/routes_reloader.rb:24:in `reload!'
railties (7.0.3) lib/rails/application/routes_reloader.rb:38:in `block in updater'
activesupport (7.0.3) lib/active_support/file_update_checker.rb:83:in `execute'
railties (7.0.3) lib/rails/application/routes_reloader.rb:13:in `execute'
railties (7.0.3) lib/rails/application/finisher.rb:171:in `block (2 levels) in <module:Finisher>'
activesupport (7.0.3) lib/active_support/callbacks.rb:445:in `instance_exec'
activesupport (7.0.3) lib/active_support/callbacks.rb:445:in `block in make_lambda'
activesupport (7.0.3) lib/active_support/callbacks.rb:199:in `block (2 levels) in halting'
activesupport (7.0.3) lib/active_support/callbacks.rb:687:in `block (2 levels) in default_terminator'
activesupport (7.0.3) lib/active_support/callbacks.rb:686:in `catch'
activesupport (7.0.3) lib/active_support/callbacks.rb:686:in `block in default_terminator'
activesupport (7.0.3) lib/active_support/callbacks.rb:200:in `block in halting'
activesupport (7.0.3) lib/active_support/callbacks.rb:595:in `block in invoke_before'
activesupport (7.0.3) lib/active_support/callbacks.rb:595:in `each'
activesupport (7.0.3) lib/active_support/callbacks.rb:595:in `invoke_before'
activesupport (7.0.3) lib/active_support/callbacks.rb:106:in `run_callbacks'
activesupport (7.0.3) lib/active_support/execution_wrapper.rb:129:in `run'
activesupport (7.0.3) lib/active_support/execution_wrapper.rb:125:in `run!'
activesupport (7.0.3) lib/active_support/reloader.rb:114:in `run!'
activesupport (7.0.3) lib/active_support/execution_wrapper.rb:78:in `block in run!'
<internal:kernel>:90:in `tap'
activesupport (7.0.3) lib/active_support/execution_wrapper.rb:75:in `run!'
activesupport (7.0.3) lib/active_support/reloader.rb:63:in `run!'
actionpack (7.0.3) lib/action_dispatch/middleware/executor.rb:12:in `call'
actionpack (7.0.3) lib/action_dispatch/middleware/actionable_exceptions.rb:17:in `call'
actionpack (7.0.3) lib/action_dispatch/middleware/debug_exceptions.rb:28:in `call'
actionpack (7.0.3) lib/action_dispatch/middleware/show_exceptions.rb:26:in `call'
railties (7.0.3) lib/rails/rack/logger.rb:40:in `call_app'
railties (7.0.3) lib/rails/rack/logger.rb:25:in `block in call'
activesupport (7.0.3) lib/active_support/tagged_logging.rb:114:in `block in tagged'
activesupport (7.0.3) lib/active_support/tagged_logging.rb:38:in `tagged'
activesupport (7.0.3) lib/active_support/tagged_logging.rb:114:in `tagged'
railties (7.0.3) lib/rails/rack/logger.rb:25:in `call'
actionpack (7.0.3) lib/action_dispatch/middleware/remote_ip.rb:93:in `call'
actionpack (7.0.3) lib/action_dispatch/middleware/request_id.rb:26:in `call'
rack (2.2.3.1) lib/rack/runtime.rb:22:in `call'
activesupport (7.0.3) lib/active_support/cache/strategy/local_cache_middleware.rb:29:in `call'
actionpack (7.0.3) lib/action_dispatch/middleware/server_timing.rb:20:in `call'
actionpack (7.0.3) lib/action_dispatch/middleware/executor.rb:14:in `call'
actionpack (7.0.3) lib/action_dispatch/middleware/static.rb:23:in `call'
rack (2.2.3.1) lib/rack/sendfile.rb:110:in `call'
actionpack (7.0.3) lib/action_dispatch/middleware/host_authorization.rb:137:in `call'
railties (7.0.3) lib/rails/engine.rb:530:in `call'
puma (5.6.4) lib/puma/configuration.rb:252:in `call'
puma (5.6.4) lib/puma/request.rb:77:in `block in handle_request'
puma (5.6.4) lib/puma/thread_pool.rb:340:in `with_force_shutdown'
puma (5.6.4) lib/puma/request.rb:76:in `handle_request'
puma (5.6.4) lib/puma/server.rb:441:in `process_client'
puma (5.6.4) lib/puma/thread_pool.rb:147:in `block in spawn_thread'
Started GET "/about_path" for ::1 at 2022-06-29 21:48:24 -0500
  
ActionController::RoutingError (No route matches [GET] "/about_path"):
  
