  [1m[35m (1.6ms)[0m  [1m[34mSELECT sqlite_version(*)[0m
  [1m[35m (1.7ms)[0m  [1m[35mCREATE TABLE "schema_migrations" ("version" varchar NOT NULL PRIMARY KEY)[0m
  [1m[35m (0.6ms)[0m  [1m[35mCREATE TABLE "ar_internal_metadata" ("key" varchar NOT NULL PRIMARY KEY, "value" varchar, "created_at" datetime(6) NOT NULL, "updated_at" datetime(6) NOT NULL)[0m
  [1m[36mActiveRecord::SchemaMigration Pluck (0.9ms)[0m  [1m[34mSELECT "schema_migrations"."version" FROM "schema_migrations" ORDER BY "schema_migrations"."version" ASC[0m
Migrating to CreatePosts (20220722035915)
  [1m[36mTRANSACTION (0.0ms)[0m  [1m[36mbegin transaction[0m
  [1m[35m (0.3ms)[0m  [1m[35mCREATE TABLE "posts" ("id" integer PRIMARY KEY AUTOINCREMENT NOT NULL, "name" varchar, "title" varchar, "content" text, "created_at" datetime(6) NOT NULL, "updated_at" datetime(6) NOT NULL)[0m
  [1m[36mActiveRecord::SchemaMigration Create (0.2ms)[0m  [1m[32mINSERT INTO "schema_migrations" ("version") VALUES (?)[0m  [["version", "20220722035915"]]
  [1m[36mTRANSACTION (0.4ms)[0m  [1m[36mcommit transaction[0m
  [1m[36mActiveRecord::InternalMetadata Load (1.1ms)[0m  [1m[34mSELECT "ar_internal_metadata".* FROM "ar_internal_metadata" WHERE "ar_internal_metadata"."key" = ? LIMIT ?[0m  [["key", "environment"], ["LIMIT", 1]]
  [1m[36mTRANSACTION (0.0ms)[0m  [1m[36mbegin transaction[0m
  [1m[36mActiveRecord::InternalMetadata Create (0.3ms)[0m  [1m[32mINSERT INTO "ar_internal_metadata" ("key", "value", "created_at", "updated_at") VALUES (?, ?, ?, ?)[0m  [["key", "environment"], ["value", "development"], ["created_at", "2022-07-22 04:01:01.330577"], ["updated_at", "2022-07-22 04:01:01.330577"]]
  [1m[36mTRANSACTION (0.3ms)[0m  [1m[36mcommit transaction[0m
  [1m[35m (0.0ms)[0m  [1m[34mSELECT sqlite_version(*)[0m
  [1m[36mActiveRecord::SchemaMigration Pluck (0.1ms)[0m  [1m[34mSELECT "schema_migrations"."version" FROM "schema_migrations" ORDER BY "schema_migrations"."version" ASC[0m
Started GET "/" for ::1 at 2022-07-21 23:03:15 -0500
  [1m[35m (0.6ms)[0m  [1m[34mSELECT sqlite_version(*)[0m
  [1m[36mActiveRecord::SchemaMigration Pluck (0.1ms)[0m  [1m[34mSELECT "schema_migrations"."version" FROM "schema_migrations" ORDER BY "schema_migrations"."version" ASC[0m
Processing by Rails::WelcomeController#index as HTML
  Rendering /Users/codingbootcamp/.rbenv/versions/3.1.2/lib/ruby/gems/3.1.0/gems/railties-7.0.3.1/lib/rails/templates/rails/welcome/index.html.erb
  Rendered /Users/codingbootcamp/.rbenv/versions/3.1.2/lib/ruby/gems/3.1.0/gems/railties-7.0.3.1/lib/rails/templates/rails/welcome/index.html.erb (Duration: 1.5ms | Allocations: 652)
Completed 200 OK in 14ms (Views: 5.2ms | ActiveRecord: 0.0ms | Allocations: 5114)


Started GET "/" for ::1 at 2022-07-21 23:05:03 -0500
Processing by Rails::WelcomeController#index as HTML
  Rendering /Users/codingbootcamp/.rbenv/versions/3.1.2/lib/ruby/gems/3.1.0/gems/railties-7.0.3.1/lib/rails/templates/rails/welcome/index.html.erb
  Rendered /Users/codingbootcamp/.rbenv/versions/3.1.2/lib/ruby/gems/3.1.0/gems/railties-7.0.3.1/lib/rails/templates/rails/welcome/index.html.erb (Duration: 1.8ms | Allocations: 322)
Completed 200 OK in 9ms (Views: 6.0ms | ActiveRecord: 0.0ms | Allocations: 1051)


Started GET "/" for ::1 at 2022-07-21 23:05:07 -0500
Processing by Rails::WelcomeController#index as HTML
  Rendering /Users/codingbootcamp/.rbenv/versions/3.1.2/lib/ruby/gems/3.1.0/gems/railties-7.0.3.1/lib/rails/templates/rails/welcome/index.html.erb
  Rendered /Users/codingbootcamp/.rbenv/versions/3.1.2/lib/ruby/gems/3.1.0/gems/railties-7.0.3.1/lib/rails/templates/rails/welcome/index.html.erb (Duration: 0.2ms | Allocations: 27)
Completed 200 OK in 2ms (Views: 1.1ms | ActiveRecord: 0.0ms | Allocations: 275)


Started GET "/" for ::1 at 2022-07-21 23:10:12 -0500
  
ActionController::RoutingError (uninitialized constant WelcomeController

      Object.const_get(camel_cased_word)
            ^^^^^^^^^^

            raise MissingController.new(error.message, error.name)
            ^^^^^):
  
Started GET "/" for ::1 at 2022-07-21 23:10:28 -0500
Processing by PostsController#index as HTML
  Rendering layout layouts/application.html.erb
  Rendering posts/index.html.erb within layouts/application
  [1m[35m (0.2ms)[0m  [1m[34mSELECT sqlite_version(*)[0m
  ↳ app/views/posts/index.html.erb:6
  [1m[36mPost Load (0.4ms)[0m  [1m[34mSELECT "posts".* FROM "posts"[0m
  ↳ app/views/posts/index.html.erb:6
  Rendered posts/index.html.erb within layouts/application (Duration: 31.5ms | Allocations: 1928)
  Rendered layout layouts/application.html.erb (Duration: 354.0ms | Allocations: 93404)
Completed 200 OK in 358ms (Views: 355.1ms | ActiveRecord: 21.2ms | Allocations: 95202)


Started GET "/posts/new" for ::1 at 2022-07-21 23:10:30 -0500
Processing by PostsController#new as HTML
  Rendering layout layouts/application.html.erb
  Rendering posts/new.html.erb within layouts/application
  Rendered posts/_form.html.erb (Duration: 12.0ms | Allocations: 4985)
  Rendered posts/new.html.erb within layouts/application (Duration: 12.7ms | Allocations: 5351)
  Rendered layout layouts/application.html.erb (Duration: 14.4ms | Allocations: 7667)
Completed 200 OK in 26ms (Views: 14.7ms | ActiveRecord: 2.4ms | Allocations: 12156)


Started POST "/posts" for ::1 at 2022-07-21 23:10:45 -0500
Processing by PostsController#create as TURBO_STREAM
  Parameters: {"authenticity_token"=>"[FILTERED]", "post"=>{"name"=>"Bob", "title"=>"this is a title", "content"=>"some content"}, "commit"=>"Create Post"}
  [1m[36mTRANSACTION (0.1ms)[0m  [1m[36mbegin transaction[0m
  ↳ app/controllers/posts_controller.rb:27:in `block in create'
  [1m[36mPost Create (3.7ms)[0m  [1m[32mINSERT INTO "posts" ("name", "title", "content", "created_at", "updated_at") VALUES (?, ?, ?, ?, ?)[0m  [["name", "Bob"], ["title", "this is a title"], ["content", "some content"], ["created_at", "2022-07-22 04:10:45.097417"], ["updated_at", "2022-07-22 04:10:45.097417"]]
  ↳ app/controllers/posts_controller.rb:27:in `block in create'
  [1m[36mTRANSACTION (0.5ms)[0m  [1m[36mcommit transaction[0m
  ↳ app/controllers/posts_controller.rb:27:in `block in create'
Redirected to http://localhost:3000/posts/1
Completed 302 Found in 12ms (ActiveRecord: 4.4ms | Allocations: 3753)


Started GET "/posts/1" for ::1 at 2022-07-21 23:10:45 -0500
Processing by PostsController#show as TURBO_STREAM
  Parameters: {"id"=>"1"}
  [1m[36mPost Load (0.5ms)[0m  [1m[34mSELECT "posts".* FROM "posts" WHERE "posts"."id" = ? LIMIT ?[0m  [["id", 1], ["LIMIT", 1]]
  ↳ app/controllers/posts_controller.rb:63:in `set_post'
  Rendering layout layouts/application.html.erb
  Rendering posts/show.html.erb within layouts/application
  Rendered posts/_post.html.erb (Duration: 0.6ms | Allocations: 266)
  Rendered posts/show.html.erb within layouts/application (Duration: 3.6ms | Allocations: 1647)
  Rendered layout layouts/application.html.erb (Duration: 6.6ms | Allocations: 3946)
Completed 200 OK in 11ms (Views: 7.0ms | ActiveRecord: 0.5ms | Allocations: 6767)


Started GET "/posts" for ::1 at 2022-07-21 23:10:50 -0500
Processing by PostsController#index as HTML
  Rendering layout layouts/application.html.erb
  Rendering posts/index.html.erb within layouts/application
  [1m[36mPost Load (0.4ms)[0m  [1m[34mSELECT "posts".* FROM "posts"[0m
  ↳ app/views/posts/index.html.erb:6
  Rendered posts/_post.html.erb (Duration: 0.4ms | Allocations: 28)
  Rendered posts/index.html.erb within layouts/application (Duration: 5.9ms | Allocations: 1051)
  Rendered layout layouts/application.html.erb (Duration: 22.9ms | Allocations: 3266)
Completed 200 OK in 26ms (Views: 23.7ms | ActiveRecord: 0.4ms | Allocations: 3587)


Started GET "/posts/new" for ::1 at 2022-07-21 23:10:52 -0500
Processing by PostsController#new as HTML
  Rendering layout layouts/application.html.erb
  Rendering posts/new.html.erb within layouts/application
  Rendered posts/_form.html.erb (Duration: 4.0ms | Allocations: 1270)
  Rendered posts/new.html.erb within layouts/application (Duration: 4.4ms | Allocations: 1379)
  Rendered layout layouts/application.html.erb (Duration: 11.0ms | Allocations: 3578)
Completed 200 OK in 13ms (Views: 11.7ms | ActiveRecord: 0.0ms | Allocations: 3868)


Started POST "/posts" for ::1 at 2022-07-21 23:11:15 -0500
Processing by PostsController#create as TURBO_STREAM
  Parameters: {"authenticity_token"=>"[FILTERED]", "post"=>{"name"=>"sara", "title"=>"this is saras post", "content"=>"saras content"}, "commit"=>"Create Post"}
  [1m[36mTRANSACTION (0.3ms)[0m  [1m[36mbegin transaction[0m
  ↳ app/controllers/posts_controller.rb:27:in `block in create'
  [1m[36mPost Create (1.5ms)[0m  [1m[32mINSERT INTO "posts" ("name", "title", "content", "created_at", "updated_at") VALUES (?, ?, ?, ?, ?)[0m  [["name", "sara"], ["title", "this is saras post"], ["content", "saras content"], ["created_at", "2022-07-22 04:11:15.187307"], ["updated_at", "2022-07-22 04:11:15.187307"]]
  ↳ app/controllers/posts_controller.rb:27:in `block in create'
  [1m[36mTRANSACTION (1.6ms)[0m  [1m[36mcommit transaction[0m
  ↳ app/controllers/posts_controller.rb:27:in `block in create'
Redirected to http://localhost:3000/posts/2
Completed 302 Found in 15ms (ActiveRecord: 3.4ms | Allocations: 2353)


Started GET "/posts/2" for ::1 at 2022-07-21 23:11:15 -0500
Processing by PostsController#show as TURBO_STREAM
  Parameters: {"id"=>"2"}
  [1m[36mPost Load (0.2ms)[0m  [1m[34mSELECT "posts".* FROM "posts" WHERE "posts"."id" = ? LIMIT ?[0m  [["id", 2], ["LIMIT", 1]]
  ↳ app/controllers/posts_controller.rb:63:in `set_post'
  Rendering layout layouts/application.html.erb
  Rendering posts/show.html.erb within layouts/application
  Rendered posts/_post.html.erb (Duration: 0.1ms | Allocations: 28)
  Rendered posts/show.html.erb within layouts/application (Duration: 1.9ms | Allocations: 601)
  Rendered layout layouts/application.html.erb (Duration: 6.3ms | Allocations: 2797)
Completed 200 OK in 9ms (Views: 6.8ms | ActiveRecord: 0.2ms | Allocations: 3569)


Started GET "/posts" for ::1 at 2022-07-21 23:11:17 -0500
Processing by PostsController#index as HTML
  Rendering layout layouts/application.html.erb
  Rendering posts/index.html.erb within layouts/application
  [1m[36mPost Load (0.3ms)[0m  [1m[34mSELECT "posts".* FROM "posts"[0m
  ↳ app/views/posts/index.html.erb:6
  Rendered posts/_post.html.erb (Duration: 0.1ms | Allocations: 28)
  Rendered posts/_post.html.erb (Duration: 0.1ms | Allocations: 27)
  Rendered posts/index.html.erb within layouts/application (Duration: 3.7ms | Allocations: 1081)
  Rendered layout layouts/application.html.erb (Duration: 10.3ms | Allocations: 3283)
Completed 200 OK in 12ms (Views: 10.8ms | ActiveRecord: 0.3ms | Allocations: 3564)


Started GET "/posts/2" for ::1 at 2022-07-21 23:11:24 -0500
Processing by PostsController#show as HTML
  Parameters: {"id"=>"2"}
  [1m[36mPost Load (0.2ms)[0m  [1m[34mSELECT "posts".* FROM "posts" WHERE "posts"."id" = ? LIMIT ?[0m  [["id", 2], ["LIMIT", 1]]
  ↳ app/controllers/posts_controller.rb:63:in `set_post'
  Rendering layout layouts/application.html.erb
  Rendering posts/show.html.erb within layouts/application
  Rendered posts/_post.html.erb (Duration: 0.1ms | Allocations: 28)
  Rendered posts/show.html.erb within layouts/application (Duration: 1.8ms | Allocations: 590)
  Rendered layout layouts/application.html.erb (Duration: 7.8ms | Allocations: 2781)
Completed 200 OK in 11ms (Views: 8.6ms | ActiveRecord: 0.2ms | Allocations: 3540)


Started GET "/posts/2/edit" for ::1 at 2022-07-21 23:11:26 -0500
Processing by PostsController#edit as HTML
  Parameters: {"id"=>"2"}
  [1m[36mPost Load (0.3ms)[0m  [1m[34mSELECT "posts".* FROM "posts" WHERE "posts"."id" = ? LIMIT ?[0m  [["id", 2], ["LIMIT", 1]]
  ↳ app/controllers/posts_controller.rb:63:in `set_post'
  Rendering layout layouts/application.html.erb
  Rendering posts/edit.html.erb within layouts/application
  Rendered posts/_form.html.erb (Duration: 4.3ms | Allocations: 1329)
  Rendered posts/edit.html.erb within layouts/application (Duration: 6.7ms | Allocations: 1640)
  Rendered layout layouts/application.html.erb (Duration: 12.0ms | Allocations: 3831)
Completed 200 OK in 17ms (Views: 13.3ms | ActiveRecord: 0.3ms | Allocations: 4646)


Started PATCH "/posts/2" for ::1 at 2022-07-21 23:11:51 -0500
Processing by PostsController#update as TURBO_STREAM
  Parameters: {"authenticity_token"=>"[FILTERED]", "post"=>{"name"=>"sara", "title"=>"This is the second post", "content"=>"This is content for the second post"}, "commit"=>"Update Post", "id"=>"2"}
  [1m[36mPost Load (0.4ms)[0m  [1m[34mSELECT "posts".* FROM "posts" WHERE "posts"."id" = ? LIMIT ?[0m  [["id", 2], ["LIMIT", 1]]
  ↳ app/controllers/posts_controller.rb:63:in `set_post'
  [1m[36mTRANSACTION (0.1ms)[0m  [1m[36mbegin transaction[0m
  ↳ app/controllers/posts_controller.rb:40:in `block in update'
  [1m[36mPost Update (1.5ms)[0m  [1m[33mUPDATE "posts" SET "title" = ?, "content" = ?, "updated_at" = ? WHERE "posts"."id" = ?[0m  [["title", "This is the second post"], ["content", "This is content for the second post"], ["updated_at", "2022-07-22 04:11:51.939403"], ["id", 2]]
  ↳ app/controllers/posts_controller.rb:40:in `block in update'
  [1m[36mTRANSACTION (1.0ms)[0m  [1m[36mcommit transaction[0m
  ↳ app/controllers/posts_controller.rb:40:in `block in update'
Redirected to http://localhost:3000/posts/2
Completed 302 Found in 14ms (ActiveRecord: 3.0ms | Allocations: 2991)


Started GET "/posts/2" for ::1 at 2022-07-21 23:11:51 -0500
Processing by PostsController#show as TURBO_STREAM
  Parameters: {"id"=>"2"}
  [1m[36mPost Load (0.1ms)[0m  [1m[34mSELECT "posts".* FROM "posts" WHERE "posts"."id" = ? LIMIT ?[0m  [["id", 2], ["LIMIT", 1]]
  ↳ app/controllers/posts_controller.rb:63:in `set_post'
  Rendering layout layouts/application.html.erb
  Rendering posts/show.html.erb within layouts/application
  Rendered posts/_post.html.erb (Duration: 0.1ms | Allocations: 29)
  Rendered posts/show.html.erb within layouts/application (Duration: 1.2ms | Allocations: 606)
  Rendered layout layouts/application.html.erb (Duration: 5.4ms | Allocations: 2803)
Completed 200 OK in 7ms (Views: 5.9ms | ActiveRecord: 0.1ms | Allocations: 3565)


Started GET "/posts" for ::1 at 2022-07-21 23:11:54 -0500
Processing by PostsController#index as HTML
  Rendering layout layouts/application.html.erb
  Rendering posts/index.html.erb within layouts/application
  [1m[36mPost Load (0.3ms)[0m  [1m[34mSELECT "posts".* FROM "posts"[0m
  ↳ app/views/posts/index.html.erb:6
  Rendered posts/_post.html.erb (Duration: 0.2ms | Allocations: 28)
  Rendered posts/_post.html.erb (Duration: 0.1ms | Allocations: 28)
  Rendered posts/index.html.erb within layouts/application (Duration: 4.3ms | Allocations: 1087)
  Rendered layout layouts/application.html.erb (Duration: 11.1ms | Allocations: 3286)
Completed 200 OK in 13ms (Views: 11.8ms | ActiveRecord: 0.3ms | Allocations: 3567)


