  [1m[35m (201.7ms)[0m  [1m[35mCREATE DATABASE "practice_associations_development" ENCODING = 'unicode'[0m
  [1m[35m (67.9ms)[0m  [1m[35mCREATE DATABASE "practice_associations_test" ENCODING = 'unicode'[0m
  [1m[35m (40.2ms)[0m  [1m[35mCREATE TABLE "schema_migrations" ("version" character varying NOT NULL PRIMARY KEY)[0m
  [1m[35m (4.4ms)[0m  [1m[35mCREATE TABLE "ar_internal_metadata" ("key" character varying NOT NULL PRIMARY KEY, "value" character varying, "created_at" timestamp(6) NOT NULL, "updated_at" timestamp(6) NOT NULL)[0m
  [1m[35m (39.0ms)[0m  [1m[34mSELECT pg_try_advisory_lock(3822261183282134040)[0m
  [1m[36mActiveRecord::SchemaMigration Pluck (1.2ms)[0m  [1m[34mSELECT "schema_migrations"."version" FROM "schema_migrations" ORDER BY "schema_migrations"."version" ASC[0m
Migrating to CreateSpeakers (20220719211935)
  [1m[36mTRANSACTION (0.1ms)[0m  [1m[35mBEGIN[0m
  [1m[35m (14.5ms)[0m  [1m[35mCREATE TABLE "speakers" ("id" bigserial primary key, "first_name" character varying, "last_name" character varying, "email" character varying, "created_at" timestamp(6) NOT NULL, "updated_at" timestamp(6) NOT NULL)[0m
  [1m[36mActiveRecord::SchemaMigration Create (0.7ms)[0m  [1m[32mINSERT INTO "schema_migrations" ("version") VALUES ($1) RETURNING "version"[0m  [["version", "20220719211935"]]
  [1m[36mTRANSACTION (0.3ms)[0m  [1m[35mCOMMIT[0m
Migrating to CreateMeetings (20220719212015)
  [1m[35m (25.2ms)[0m  [1m[34mSELECT pg_advisory_unlock(3822261183282134040)[0m
  [1m[35m (0.2ms)[0m  [1m[34mSELECT pg_try_advisory_lock(3822261183282134040)[0m
  [1m[36mActiveRecord::SchemaMigration Pluck (2.9ms)[0m  [1m[34mSELECT "schema_migrations"."version" FROM "schema_migrations" ORDER BY "schema_migrations"."version" ASC[0m
Migrating to CreateMeetings (20220719212015)
  [1m[35m (0.3ms)[0m  [1m[34mSELECT pg_advisory_unlock(3822261183282134040)[0m
  [1m[35m (0.2ms)[0m  [1m[34mSELECT pg_try_advisory_lock(3822261183282134040)[0m
  [1m[36mActiveRecord::SchemaMigration Pluck (0.7ms)[0m  [1m[34mSELECT "schema_migrations"."version" FROM "schema_migrations" ORDER BY "schema_migrations"."version" ASC[0m
Migrating to CreateMeetings (20220719212015)
  [1m[35m (0.2ms)[0m  [1m[34mSELECT pg_advisory_unlock(3822261183282134040)[0m
  [1m[35m (0.2ms)[0m  [1m[34mSELECT pg_try_advisory_lock(3822261183282134040)[0m
  [1m[36mActiveRecord::SchemaMigration Pluck (0.8ms)[0m  [1m[34mSELECT "schema_migrations"."version" FROM "schema_migrations" ORDER BY "schema_migrations"."version" ASC[0m
Migrating to CreateMeetings (20220719212015)
  [1m[36mTRANSACTION (0.1ms)[0m  [1m[35mBEGIN[0m
  [1m[35m (5.4ms)[0m  [1m[35mCREATE TABLE "meetings" ("id" bigserial primary key, "title" character varying, "agenda" character varying, "location" character varying, "time" character varying, "created_at" timestamp(6) NOT NULL, "updated_at" timestamp(6) NOT NULL)[0m
  [1m[36mActiveRecord::SchemaMigration Create (0.4ms)[0m  [1m[32mINSERT INTO "schema_migrations" ("version") VALUES ($1) RETURNING "version"[0m  [["version", "20220719212015"]]
  [1m[36mTRANSACTION (0.4ms)[0m  [1m[35mCOMMIT[0m
Migrating to CreateSpeakerMeetings (20220719212230)
  [1m[36mTRANSACTION (0.3ms)[0m  [1m[35mBEGIN[0m
  [1m[35m (3.4ms)[0m  [1m[35mCREATE TABLE "speaker_meetings" ("id" bigserial primary key, "speaker_id" integer, "meeting_id" integer, "created_at" timestamp(6) NOT NULL, "updated_at" timestamp(6) NOT NULL)[0m
  [1m[36mActiveRecord::SchemaMigration Create (0.3ms)[0m  [1m[32mINSERT INTO "schema_migrations" ("version") VALUES ($1) RETURNING "version"[0m  [["version", "20220719212230"]]
  [1m[36mTRANSACTION (0.4ms)[0m  [1m[35mCOMMIT[0m
  [1m[36mActiveRecord::InternalMetadata Load (0.9ms)[0m  [1m[34mSELECT "ar_internal_metadata".* FROM "ar_internal_metadata" WHERE "ar_internal_metadata"."key" = $1 LIMIT $2[0m  [["key", "environment"], ["LIMIT", 1]]
  [1m[36mTRANSACTION (0.1ms)[0m  [1m[35mBEGIN[0m
  [1m[36mActiveRecord::InternalMetadata Create (7.2ms)[0m  [1m[32mINSERT INTO "ar_internal_metadata" ("key", "value", "created_at", "updated_at") VALUES ($1, $2, $3, $4) RETURNING "key"[0m  [["key", "environment"], ["value", "development"], ["created_at", "2022-07-19 21:24:56.185768"], ["updated_at", "2022-07-19 21:24:56.185768"]]
  [1m[36mTRANSACTION (0.4ms)[0m  [1m[35mCOMMIT[0m
  [1m[35m (0.4ms)[0m  [1m[34mSELECT pg_advisory_unlock(3822261183282134040)[0m
  [1m[36mActiveRecord::SchemaMigration Pluck (1.0ms)[0m  [1m[34mSELECT "schema_migrations"."version" FROM "schema_migrations" ORDER BY "schema_migrations"."version" ASC[0m
  [1m[36mActiveRecord::SchemaMigration Pluck (1.2ms)[0m  [1m[34mSELECT "schema_migrations"."version" FROM "schema_migrations" ORDER BY "schema_migrations"."version" ASC[0m
  [1m[36mActiveRecord::SchemaMigration Pluck (1.2ms)[0m  [1m[34mSELECT "schema_migrations"."version" FROM "schema_migrations" ORDER BY "schema_migrations"."version" ASC[0m
  [1m[36mTRANSACTION (1.6ms)[0m  [1m[35mBEGIN[0m
  [1m[36mMeeting Create (5.8ms)[0m  [1m[32mINSERT INTO "meetings" ("title", "agenda", "location", "time", "created_at", "updated_at") VALUES ($1, $2, $3, $4, $5, $6) RETURNING "id"[0m  [["title", "Molecular biology & Genetics"], ["agenda", "Is Europe's opposition to genetically modified crops about science or economics?"], ["location", "Germany"], ["time", "12:00pm"], ["created_at", "2022-07-19 21:35:13.319820"], ["updated_at", "2022-07-19 21:35:13.319820"]]
  [1m[36mTRANSACTION (0.4ms)[0m  [1m[35mCOMMIT[0m
  [1m[36mTRANSACTION (2.1ms)[0m  [1m[35mBEGIN[0m
  [1m[36mMeeting Create (11.9ms)[0m  [1m[32mINSERT INTO "meetings" ("title", "agenda", "location", "time", "created_at", "updated_at") VALUES ($1, $2, $3, $4, $5, $6) RETURNING "id"[0m  [["title", "Astronomy Discussion"], ["agenda", "Discuss the age of the universe"], ["location", "France"], ["time", "3:00pm"], ["created_at", "2022-07-19 21:35:13.332998"], ["updated_at", "2022-07-19 21:35:13.332998"]]
  [1m[36mTRANSACTION (7.5ms)[0m  [1m[35mCOMMIT[0m
  [1m[36mTRANSACTION (0.2ms)[0m  [1m[35mBEGIN[0m
  [1m[36mMeeting Create (0.6ms)[0m  [1m[32mINSERT INTO "meetings" ("title", "agenda", "location", "time", "created_at", "updated_at") VALUES ($1, $2, $3, $4, $5, $6) RETURNING "id"[0m  [["title", "Physics Discussion"], ["agenda", "What is dark energy? What do we really know about the universe we live in?"], ["location", "Italy"], ["time", "7:00am"], ["created_at", "2022-07-19 21:35:13.362106"], ["updated_at", "2022-07-19 21:35:13.362106"]]
  [1m[36mTRANSACTION (4.3ms)[0m  [1m[35mCOMMIT[0m
  [1m[36mActiveRecord::SchemaMigration Pluck (1.2ms)[0m  [1m[34mSELECT "schema_migrations"."version" FROM "schema_migrations" ORDER BY "schema_migrations"."version" ASC[0m
  [1m[36mTRANSACTION (0.2ms)[0m  [1m[35mBEGIN[0m
  [1m[36mMeeting Create (0.9ms)[0m  [1m[32mINSERT INTO "meetings" ("title", "agenda", "location", "time", "created_at", "updated_at") VALUES ($1, $2, $3, $4, $5, $6) RETURNING "id"[0m  [["title", "Molecular biology & Genetics"], ["agenda", "Is Europe's opposition to genetically modified crops about science or economics?"], ["location", "Germany"], ["time", "12:00pm"], ["created_at", "2022-07-19 21:35:45.052132"], ["updated_at", "2022-07-19 21:35:45.052132"]]
  [1m[36mTRANSACTION (3.7ms)[0m  [1m[35mCOMMIT[0m
  [1m[36mTRANSACTION (0.1ms)[0m  [1m[35mBEGIN[0m
  [1m[36mMeeting Create (21.3ms)[0m  [1m[32mINSERT INTO "meetings" ("title", "agenda", "location", "time", "created_at", "updated_at") VALUES ($1, $2, $3, $4, $5, $6) RETURNING "id"[0m  [["title", "Astronomy Discussion"], ["agenda", "Discuss the age of the universe"], ["location", "France"], ["time", "3:00pm"], ["created_at", "2022-07-19 21:35:45.061411"], ["updated_at", "2022-07-19 21:35:45.061411"]]
  [1m[36mTRANSACTION (0.3ms)[0m  [1m[35mCOMMIT[0m
  [1m[36mTRANSACTION (0.1ms)[0m  [1m[35mBEGIN[0m
  [1m[36mMeeting Create (0.6ms)[0m  [1m[32mINSERT INTO "meetings" ("title", "agenda", "location", "time", "created_at", "updated_at") VALUES ($1, $2, $3, $4, $5, $6) RETURNING "id"[0m  [["title", "Physics Discussion"], ["agenda", "What is dark energy? What do we really know about the universe we live in?"], ["location", "Italy"], ["time", "7:00am"], ["created_at", "2022-07-19 21:35:45.087629"], ["updated_at", "2022-07-19 21:35:45.087629"]]
  [1m[36mTRANSACTION (2.1ms)[0m  [1m[35mCOMMIT[0m
  [1m[36mTRANSACTION (1.0ms)[0m  [1m[35mBEGIN[0m
  [1m[36mSpeaker Create (1.5ms)[0m  [1m[32mINSERT INTO "speakers" ("first_name", "last_name", "email", "created_at", "updated_at") VALUES ($1, $2, $3, $4, $5) RETURNING "id"[0m  [["first_name", "Albert"], ["last_name", "Einstein"], ["email", "alberteinstein@example.com"], ["created_at", "2022-07-19 21:35:45.122124"], ["updated_at", "2022-07-19 21:35:45.122124"]]
  [1m[36mTRANSACTION (0.3ms)[0m  [1m[35mCOMMIT[0m
  [1m[36mTRANSACTION (0.1ms)[0m  [1m[35mBEGIN[0m
  [1m[36mSpeaker Create (0.3ms)[0m  [1m[32mINSERT INTO "speakers" ("first_name", "last_name", "email", "created_at", "updated_at") VALUES ($1, $2, $3, $4, $5) RETURNING "id"[0m  [["first_name", "Marie"], ["last_name", "Curie"], ["email", "mariecurie@example.com"], ["created_at", "2022-07-19 21:35:45.127070"], ["updated_at", "2022-07-19 21:35:45.127070"]]
  [1m[36mTRANSACTION (0.2ms)[0m  [1m[35mCOMMIT[0m
  [1m[36mTRANSACTION (0.1ms)[0m  [1m[35mBEGIN[0m
  [1m[36mSpeaker Create (0.2ms)[0m  [1m[32mINSERT INTO "speakers" ("first_name", "last_name", "email", "created_at", "updated_at") VALUES ($1, $2, $3, $4, $5) RETURNING "id"[0m  [["first_name", "Isaac"], ["last_name", "Newton"], ["email", "isaacnewton@example.com"], ["created_at", "2022-07-19 21:35:45.129314"], ["updated_at", "2022-07-19 21:35:45.129314"]]
  [1m[36mTRANSACTION (0.2ms)[0m  [1m[35mCOMMIT[0m
  [1m[36mTRANSACTION (0.1ms)[0m  [1m[35mBEGIN[0m
  [1m[36mSpeaker Create (0.2ms)[0m  [1m[32mINSERT INTO "speakers" ("first_name", "last_name", "email", "created_at", "updated_at") VALUES ($1, $2, $3, $4, $5) RETURNING "id"[0m  [["first_name", "Stephen"], ["last_name", "Hawking"], ["email", "stephenhawking@example.com"], ["created_at", "2022-07-19 21:35:45.131613"], ["updated_at", "2022-07-19 21:35:45.131613"]]
  [1m[36mTRANSACTION (0.2ms)[0m  [1m[35mCOMMIT[0m
