  [1m[35m (188.7ms)[0m  [1m[35mCREATE DATABASE "movie_app_development" ENCODING = 'unicode'[0m
  [1m[35m (61.2ms)[0m  [1m[35mCREATE DATABASE "movie_app_test" ENCODING = 'unicode'[0m
  [1m[35m (27.3ms)[0m  [1m[35mCREATE TABLE "schema_migrations" ("version" character varying NOT NULL PRIMARY KEY)[0m
  [1m[35m (4.1ms)[0m  [1m[35mCREATE TABLE "ar_internal_metadata" ("key" character varying NOT NULL PRIMARY KEY, "value" character varying, "created_at" timestamp(6) NOT NULL, "updated_at" timestamp(6) NOT NULL)[0m
  [1m[35m (0.3ms)[0m  [1m[34mSELECT pg_try_advisory_lock(5947950197658372120)[0m
  [1m[36mActiveRecord::SchemaMigration Pluck (0.8ms)[0m  [1m[34mSELECT "schema_migrations"."version" FROM "schema_migrations" ORDER BY "schema_migrations"."version" ASC[0m
Migrating to CreateActors (20220701054416)
  [1m[36mTRANSACTION (0.2ms)[0m  [1m[35mBEGIN[0m
  [1m[35m (6.0ms)[0m  [1m[35mCREATE TABLE "actors" ("id" bigserial primary key, "first_name" character varying, "last_name" character varying, "known_for" character varying, "created_at" timestamp(6) NOT NULL, "updated_at" timestamp(6) NOT NULL)[0m
  [1m[36mActiveRecord::SchemaMigration Create (7.4ms)[0m  [1m[32mINSERT INTO "schema_migrations" ("version") VALUES ($1) RETURNING "version"[0m  [["version", "20220701054416"]]
  [1m[36mTRANSACTION (0.6ms)[0m  [1m[35mCOMMIT[0m
  [1m[36mActiveRecord::InternalMetadata Load (0.6ms)[0m  [1m[34mSELECT "ar_internal_metadata".* FROM "ar_internal_metadata" WHERE "ar_internal_metadata"."key" = $1 LIMIT $2[0m  [["key", "environment"], ["LIMIT", 1]]
  [1m[36mTRANSACTION (0.1ms)[0m  [1m[35mBEGIN[0m
  [1m[36mActiveRecord::InternalMetadata Create (6.0ms)[0m  [1m[32mINSERT INTO "ar_internal_metadata" ("key", "value", "created_at", "updated_at") VALUES ($1, $2, $3, $4) RETURNING "key"[0m  [["key", "environment"], ["value", "development"], ["created_at", "2022-07-01 05:44:53.708362"], ["updated_at", "2022-07-01 05:44:53.708362"]]
  [1m[36mTRANSACTION (0.3ms)[0m  [1m[35mCOMMIT[0m
  [1m[35m (0.5ms)[0m  [1m[34mSELECT pg_advisory_unlock(5947950197658372120)[0m
  [1m[36mActiveRecord::SchemaMigration Pluck (1.1ms)[0m  [1m[34mSELECT "schema_migrations"."version" FROM "schema_migrations" ORDER BY "schema_migrations"."version" ASC[0m
  [1m[36mActiveRecord::SchemaMigration Pluck (1.4ms)[0m  [1m[34mSELECT "schema_migrations"."version" FROM "schema_migrations" ORDER BY "schema_migrations"."version" ASC[0m
  [1m[36mTRANSACTION (0.1ms)[0m  [1m[35mBEGIN[0m
  [1m[36mActor Create (5.2ms)[0m  [1m[32mINSERT INTO "actors" ("first_name", "last_name", "known_for", "created_at", "updated_at") VALUES ($1, $2, $3, $4, $5) RETURNING "id"[0m  [["first_name", "Benedict"], ["last_name", "Cumberbatch"], ["known_for", "Sherlock"], ["created_at", "2022-07-01 05:45:54.695448"], ["updated_at", "2022-07-01 05:45:54.695448"]]
  [1m[36mTRANSACTION (0.3ms)[0m  [1m[35mCOMMIT[0m
  [1m[36mActor Load (1.0ms)[0m  [1m[34mSELECT "actors".* FROM "actors"[0m
  [1m[36mActiveRecord::SchemaMigration Pluck (1.4ms)[0m  [1m[34mSELECT "schema_migrations"."version" FROM "schema_migrations" ORDER BY "schema_migrations"."version" ASC[0m
  [1m[36mTRANSACTION (0.2ms)[0m  [1m[35mBEGIN[0m
  [1m[36mActor Create (0.7ms)[0m  [1m[32mINSERT INTO "actors" ("first_name", "last_name", "known_for", "created_at", "updated_at") VALUES ($1, $2, $3, $4, $5) RETURNING "id"[0m  [["first_name", "Bill"], ["last_name", "Murray"], ["known_for", "Ghostbusters"], ["created_at", "2022-07-01 05:50:19.306055"], ["updated_at", "2022-07-01 05:50:19.306055"]]
  [1m[36mTRANSACTION (0.4ms)[0m  [1m[35mCOMMIT[0m
  [1m[36mTRANSACTION (0.1ms)[0m  [1m[35mBEGIN[0m
  [1m[36mActor Create (0.2ms)[0m  [1m[32mINSERT INTO "actors" ("first_name", "last_name", "known_for", "created_at", "updated_at") VALUES ($1, $2, $3, $4, $5) RETURNING "id"[0m  [["first_name", "Michael J."], ["last_name", "Fox"], ["known_for", "Back to the Future"], ["created_at", "2022-07-01 05:50:19.310946"], ["updated_at", "2022-07-01 05:50:19.310946"]]
  [1m[36mTRANSACTION (0.2ms)[0m  [1m[35mCOMMIT[0m
  [1m[36mTRANSACTION (0.1ms)[0m  [1m[35mBEGIN[0m
  [1m[36mActor Create (0.2ms)[0m  [1m[32mINSERT INTO "actors" ("first_name", "last_name", "known_for", "created_at", "updated_at") VALUES ($1, $2, $3, $4, $5) RETURNING "id"[0m  [["first_name", "Bob"], ["last_name", "Saget"], ["known_for", "Full House"], ["created_at", "2022-07-01 05:50:19.313257"], ["updated_at", "2022-07-01 05:50:19.313257"]]
  [1m[36mTRANSACTION (0.2ms)[0m  [1m[35mCOMMIT[0m
  [1m[36mActor Load (1.0ms)[0m  [1m[34mSELECT "actors".* FROM "actors"[0m
Started GET "/contact_all" for ::1 at 2022-07-01 01:03:25 -0500
  [1m[36mActiveRecord::SchemaMigration Pluck (0.8ms)[0m  [1m[34mSELECT "schema_migrations"."version" FROM "schema_migrations" ORDER BY "schema_migrations"."version" ASC[0m
  
ActionController::RoutingError (No route matches [GET] "/contact_all"):
  
Started GET "/actors/1" for ::1 at 2022-07-01 01:03:33 -0500
Processing by ActorsController#actors_by_id as HTML
  Parameters: {"id"=>"1"}
  [1m[36mActor Load (7.8ms)[0m  [1m[34mSELECT "actors".* FROM "actors" WHERE "actors"."id" = $1 LIMIT $2[0m  [["id", 1], ["LIMIT", 1]]
  ↳ app/controllers/application_controller.rb:3:in `actors_by_id'
Completed 500 Internal Server Error in 54ms (ActiveRecord: 32.9ms | Allocations: 8574)


  
NameError (undefined local variable or method `product' for #<ActorsController:0x00000000008548>

    render json: product.as_json
                 ^^^^^^^
Did you mean?  proc):
  
app/controllers/application_controller.rb:4:in `actors_by_id'
Started GET "/favicon.ico" for ::1 at 2022-07-01 01:03:33 -0500
  
ActionController::RoutingError (No route matches [GET] "/favicon.ico"):
  
Started GET "/actors/1" for ::1 at 2022-07-01 01:04:06 -0500
Processing by ActorsController#actors_by_id as HTML
  Parameters: {"id"=>"1"}
  [1m[36mActor Load (0.3ms)[0m  [1m[34mSELECT "actors".* FROM "actors" WHERE "actors"."id" = $1 LIMIT $2[0m  [["id", 1], ["LIMIT", 1]]
  ↳ app/controllers/application_controller.rb:3:in `actors_by_id'
Completed 200 OK in 13ms (Views: 0.2ms | ActiveRecord: 8.7ms | Allocations: 3699)


Started GET "/actors/2" for ::1 at 2022-07-01 01:04:14 -0500
Processing by ActorsController#actors_by_id as HTML
  Parameters: {"id"=>"2"}
  [1m[36mActor Load (1.0ms)[0m  [1m[34mSELECT "actors".* FROM "actors" WHERE "actors"."id" = $1 LIMIT $2[0m  [["id", 2], ["LIMIT", 1]]
  ↳ app/controllers/application_controller.rb:3:in `actors_by_id'
Completed 200 OK in 6ms (Views: 0.5ms | ActiveRecord: 1.0ms | Allocations: 687)


Started GET "/actors/3" for ::1 at 2022-07-01 01:04:18 -0500
Processing by ActorsController#actors_by_id as HTML
  Parameters: {"id"=>"3"}
  [1m[36mActor Load (0.8ms)[0m  [1m[34mSELECT "actors".* FROM "actors" WHERE "actors"."id" = $1 LIMIT $2[0m  [["id", 3], ["LIMIT", 1]]
  ↳ app/controllers/application_controller.rb:3:in `actors_by_id'
Completed 200 OK in 5ms (Views: 0.5ms | ActiveRecord: 0.8ms | Allocations: 690)


  [1m[36mActiveRecord::SchemaMigration Pluck (1.1ms)[0m  [1m[34mSELECT "schema_migrations"."version" FROM "schema_migrations" ORDER BY "schema_migrations"."version" ASC[0m
  [1m[36mActiveRecord::SchemaMigration Pluck (0.8ms)[0m  [1m[34mSELECT "schema_migrations"."version" FROM "schema_migrations" ORDER BY "schema_migrations"."version" ASC[0m
  [1m[36mActiveRecord::SchemaMigration Pluck (1.0ms)[0m  [1m[34mSELECT "schema_migrations"."version" FROM "schema_migrations" ORDER BY "schema_migrations"."version" ASC[0m
  [1m[36mActiveRecord::SchemaMigration Pluck (1.0ms)[0m  [1m[34mSELECT "schema_migrations"."version" FROM "schema_migrations" ORDER BY "schema_migrations"."version" ASC[0m
  [1m[36mActiveRecord::SchemaMigration Pluck (1.3ms)[0m  [1m[34mSELECT "schema_migrations"."version" FROM "schema_migrations" ORDER BY "schema_migrations"."version" ASC[0m
  [1m[36mActiveRecord::SchemaMigration Pluck (1.5ms)[0m  [1m[34mSELECT "schema_migrations"."version" FROM "schema_migrations" ORDER BY "schema_migrations"."version" ASC[0m
  [1m[36mActiveRecord::SchemaMigration Pluck (1.1ms)[0m  [1m[34mSELECT "schema_migrations"."version" FROM "schema_migrations" ORDER BY "schema_migrations"."version" ASC[0m
  [1m[36mActiveRecord::SchemaMigration Pluck (1.0ms)[0m  [1m[34mSELECT "schema_migrations"."version" FROM "schema_migrations" ORDER BY "schema_migrations"."version" ASC[0m
  [1m[36mActiveRecord::SchemaMigration Pluck (1.5ms)[0m  [1m[34mSELECT "schema_migrations"."version" FROM "schema_migrations" ORDER BY "schema_migrations"."version" ASC[0m
  [1m[36mActiveRecord::SchemaMigration Pluck (1.8ms)[0m  [1m[34mSELECT "schema_migrations"."version" FROM "schema_migrations" ORDER BY "schema_migrations"."version" ASC[0m
  [1m[36mActiveRecord::SchemaMigration Pluck (1.8ms)[0m  [1m[34mSELECT "schema_migrations"."version" FROM "schema_migrations" ORDER BY "schema_migrations"."version" ASC[0m
  [1m[36mActiveRecord::SchemaMigration Pluck (1.4ms)[0m  [1m[34mSELECT "schema_migrations"."version" FROM "schema_migrations" ORDER BY "schema_migrations"."version" ASC[0m
  [1m[36mActiveRecord::SchemaMigration Pluck (1.6ms)[0m  [1m[34mSELECT "schema_migrations"."version" FROM "schema_migrations" ORDER BY "schema_migrations"."version" ASC[0m
  [1m[36mActiveRecord::SchemaMigration Pluck (1.4ms)[0m  [1m[34mSELECT "schema_migrations"."version" FROM "schema_migrations" ORDER BY "schema_migrations"."version" ASC[0m
  [1m[36mActiveRecord::SchemaMigration Pluck (1.5ms)[0m  [1m[34mSELECT "schema_migrations"."version" FROM "schema_migrations" ORDER BY "schema_migrations"."version" ASC[0m
  [1m[36mActiveRecord::SchemaMigration Pluck (1.2ms)[0m  [1m[34mSELECT "schema_migrations"."version" FROM "schema_migrations" ORDER BY "schema_migrations"."version" ASC[0m
  [1m[36mActiveRecord::SchemaMigration Pluck (1.0ms)[0m  [1m[34mSELECT "schema_migrations"."version" FROM "schema_migrations" ORDER BY "schema_migrations"."version" ASC[0m
  [1m[36mActiveRecord::SchemaMigration Pluck (1.1ms)[0m  [1m[34mSELECT "schema_migrations"."version" FROM "schema_migrations" ORDER BY "schema_migrations"."version" ASC[0m
  [1m[36mActiveRecord::SchemaMigration Pluck (1.1ms)[0m  [1m[34mSELECT "schema_migrations"."version" FROM "schema_migrations" ORDER BY "schema_migrations"."version" ASC[0m
  [1m[36mActiveRecord::SchemaMigration Pluck (0.8ms)[0m  [1m[34mSELECT "schema_migrations"."version" FROM "schema_migrations" ORDER BY "schema_migrations"."version" ASC[0m
  [1m[36mActiveRecord::SchemaMigration Pluck (0.9ms)[0m  [1m[34mSELECT "schema_migrations"."version" FROM "schema_migrations" ORDER BY "schema_migrations"."version" ASC[0m
  [1m[36mActiveRecord::SchemaMigration Pluck (1.3ms)[0m  [1m[34mSELECT "schema_migrations"."version" FROM "schema_migrations" ORDER BY "schema_migrations"."version" ASC[0m
  [1m[36mActiveRecord::SchemaMigration Pluck (1.4ms)[0m  [1m[34mSELECT "schema_migrations"."version" FROM "schema_migrations" ORDER BY "schema_migrations"."version" ASC[0m
  [1m[36mActiveRecord::SchemaMigration Pluck (1.4ms)[0m  [1m[34mSELECT "schema_migrations"."version" FROM "schema_migrations" ORDER BY "schema_migrations"."version" ASC[0m
  [1m[36mActiveRecord::SchemaMigration Pluck (1.6ms)[0m  [1m[34mSELECT "schema_migrations"."version" FROM "schema_migrations" ORDER BY "schema_migrations"."version" ASC[0m
  [1m[36mActiveRecord::SchemaMigration Pluck (1.0ms)[0m  [1m[34mSELECT "schema_migrations"."version" FROM "schema_migrations" ORDER BY "schema_migrations"."version" ASC[0m
  [1m[36mActiveRecord::SchemaMigration Pluck (1.4ms)[0m  [1m[34mSELECT "schema_migrations"."version" FROM "schema_migrations" ORDER BY "schema_migrations"."version" ASC[0m
  [1m[36mActiveRecord::SchemaMigration Pluck (1.1ms)[0m  [1m[34mSELECT "schema_migrations"."version" FROM "schema_migrations" ORDER BY "schema_migrations"."version" ASC[0m
  [1m[36mActiveRecord::SchemaMigration Pluck (2.7ms)[0m  [1m[34mSELECT "schema_migrations"."version" FROM "schema_migrations" ORDER BY "schema_migrations"."version" ASC[0m
  [1m[36mActiveRecord::SchemaMigration Pluck (1.0ms)[0m  [1m[34mSELECT "schema_migrations"."version" FROM "schema_migrations" ORDER BY "schema_migrations"."version" ASC[0m
  [1m[36mActiveRecord::SchemaMigration Pluck (1.0ms)[0m  [1m[34mSELECT "schema_migrations"."version" FROM "schema_migrations" ORDER BY "schema_migrations"."version" ASC[0m
  [1m[36mActiveRecord::SchemaMigration Pluck (1.4ms)[0m  [1m[34mSELECT "schema_migrations"."version" FROM "schema_migrations" ORDER BY "schema_migrations"."version" ASC[0m
  [1m[36mActiveRecord::SchemaMigration Pluck (1.4ms)[0m  [1m[34mSELECT "schema_migrations"."version" FROM "schema_migrations" ORDER BY "schema_migrations"."version" ASC[0m
  [1m[36mActiveRecord::SchemaMigration Pluck (1.1ms)[0m  [1m[34mSELECT "schema_migrations"."version" FROM "schema_migrations" ORDER BY "schema_migrations"."version" ASC[0m
  [1m[36mActiveRecord::SchemaMigration Pluck (1.4ms)[0m  [1m[34mSELECT "schema_migrations"."version" FROM "schema_migrations" ORDER BY "schema_migrations"."version" ASC[0m
  [1m[36mActiveRecord::SchemaMigration Pluck (1.5ms)[0m  [1m[34mSELECT "schema_migrations"."version" FROM "schema_migrations" ORDER BY "schema_migrations"."version" ASC[0m
  [1m[36mActiveRecord::SchemaMigration Pluck (1.4ms)[0m  [1m[34mSELECT "schema_migrations"."version" FROM "schema_migrations" ORDER BY "schema_migrations"."version" ASC[0m
  [1m[36mActiveRecord::SchemaMigration Pluck (1.8ms)[0m  [1m[34mSELECT "schema_migrations"."version" FROM "schema_migrations" ORDER BY "schema_migrations"."version" ASC[0m
  [1m[36mActiveRecord::SchemaMigration Pluck (1.1ms)[0m  [1m[34mSELECT "schema_migrations"."version" FROM "schema_migrations" ORDER BY "schema_migrations"."version" ASC[0m
  [1m[36mActiveRecord::SchemaMigration Pluck (1.4ms)[0m  [1m[34mSELECT "schema_migrations"."version" FROM "schema_migrations" ORDER BY "schema_migrations"."version" ASC[0m
  [1m[36mActiveRecord::SchemaMigration Pluck (1.4ms)[0m  [1m[34mSELECT "schema_migrations"."version" FROM "schema_migrations" ORDER BY "schema_migrations"."version" ASC[0m
  [1m[36mActiveRecord::SchemaMigration Pluck (1.5ms)[0m  [1m[34mSELECT "schema_migrations"."version" FROM "schema_migrations" ORDER BY "schema_migrations"."version" ASC[0m
  [1m[36mActiveRecord::SchemaMigration Pluck (1.0ms)[0m  [1m[34mSELECT "schema_migrations"."version" FROM "schema_migrations" ORDER BY "schema_migrations"."version" ASC[0m
  [1m[36mActiveRecord::SchemaMigration Pluck (1.5ms)[0m  [1m[34mSELECT "schema_migrations"."version" FROM "schema_migrations" ORDER BY "schema_migrations"."version" ASC[0m
  [1m[36mActiveRecord::SchemaMigration Pluck (1.7ms)[0m  [1m[34mSELECT "schema_migrations"."version" FROM "schema_migrations" ORDER BY "schema_migrations"."version" ASC[0m
  [1m[36mActiveRecord::SchemaMigration Pluck (1.4ms)[0m  [1m[34mSELECT "schema_migrations"."version" FROM "schema_migrations" ORDER BY "schema_migrations"."version" ASC[0m
  [1m[36mActiveRecord::SchemaMigration Pluck (1.4ms)[0m  [1m[34mSELECT "schema_migrations"."version" FROM "schema_migrations" ORDER BY "schema_migrations"."version" ASC[0m
  [1m[36mActiveRecord::SchemaMigration Pluck (1.4ms)[0m  [1m[34mSELECT "schema_migrations"."version" FROM "schema_migrations" ORDER BY "schema_migrations"."version" ASC[0m
  [1m[36mActiveRecord::SchemaMigration Pluck (1.5ms)[0m  [1m[34mSELECT "schema_migrations"."version" FROM "schema_migrations" ORDER BY "schema_migrations"."version" ASC[0m
  [1m[36mActiveRecord::SchemaMigration Pluck (1.4ms)[0m  [1m[34mSELECT "schema_migrations"."version" FROM "schema_migrations" ORDER BY "schema_migrations"."version" ASC[0m
  [1m[36mActiveRecord::SchemaMigration Pluck (1.6ms)[0m  [1m[34mSELECT "schema_migrations"."version" FROM "schema_migrations" ORDER BY "schema_migrations"."version" ASC[0m
  [1m[36mTRANSACTION (0.1ms)[0m  [1m[35mBEGIN[0m
  [1m[36mActor Create (5.5ms)[0m  [1m[32mINSERT INTO "actors" ("first_name", "last_name", "known_for", "created_at", "updated_at") VALUES ($1, $2, $3, $4, $5) RETURNING "id"[0m  [["first_name", "Chanell"], ["last_name", "Runte"], ["known_for", "Interstellar"], ["created_at", "2022-07-01 15:12:13.902777"], ["updated_at", "2022-07-01 15:12:13.902777"]]
  [1m[36mTRANSACTION (1.3ms)[0m  [1m[35mCOMMIT[0m
  [1m[36mActiveRecord::SchemaMigration Pluck (1.4ms)[0m  [1m[34mSELECT "schema_migrations"."version" FROM "schema_migrations" ORDER BY "schema_migrations"."version" ASC[0m
  [1m[36mActiveRecord::SchemaMigration Pluck (1.4ms)[0m  [1m[34mSELECT "schema_migrations"."version" FROM "schema_migrations" ORDER BY "schema_migrations"."version" ASC[0m
  [1m[36mTRANSACTION (0.1ms)[0m  [1m[35mBEGIN[0m
  [1m[36mActor Create (0.8ms)[0m  [1m[32mINSERT INTO "actors" ("first_name", "last_name", "known_for", "created_at", "updated_at") VALUES ($1, $2, $3, $4, $5) RETURNING "id"[0m  [["first_name", "Wilson"], ["last_name", "Labadie"], ["known_for", "Mr. Smith Goes to Washington"], ["created_at", "2022-07-01 15:12:56.978859"], ["updated_at", "2022-07-01 15:12:56.978859"]]
  [1m[36mTRANSACTION (0.3ms)[0m  [1m[35mCOMMIT[0m
  [1m[36mTRANSACTION (0.1ms)[0m  [1m[35mBEGIN[0m
  [1m[36mActor Create (0.2ms)[0m  [1m[32mINSERT INTO "actors" ("first_name", "last_name", "known_for", "created_at", "updated_at") VALUES ($1, $2, $3, $4, $5) RETURNING "id"[0m  [["first_name", "Louetta"], ["last_name", "Zieme"], ["known_for", "The Shining"], ["created_at", "2022-07-01 15:12:56.984027"], ["updated_at", "2022-07-01 15:12:56.984027"]]
  [1m[36mTRANSACTION (0.2ms)[0m  [1m[35mCOMMIT[0m
  [1m[36mTRANSACTION (0.1ms)[0m  [1m[35mBEGIN[0m
  [1m[36mActor Create (0.2ms)[0m  [1m[32mINSERT INTO "actors" ("first_name", "last_name", "known_for", "created_at", "updated_at") VALUES ($1, $2, $3, $4, $5) RETURNING "id"[0m  [["first_name", "Jodi"], ["last_name", "Beier"], ["known_for", "Witness for the Prosecution"], ["created_at", "2022-07-01 15:12:56.986609"], ["updated_at", "2022-07-01 15:12:56.986609"]]
  [1m[36mTRANSACTION (0.1ms)[0m  [1m[35mCOMMIT[0m
  [1m[36mTRANSACTION (0.1ms)[0m  [1m[35mBEGIN[0m
  [1m[36mActor Create (0.2ms)[0m  [1m[32mINSERT INTO "actors" ("first_name", "last_name", "known_for", "created_at", "updated_at") VALUES ($1, $2, $3, $4, $5) RETURNING "id"[0m  [["first_name", "Chi"], ["last_name", "Rempel"], ["known_for", "The Best Years of Our Lives"], ["created_at", "2022-07-01 15:12:56.989032"], ["updated_at", "2022-07-01 15:12:56.989032"]]
  [1m[36mTRANSACTION (0.2ms)[0m  [1m[35mCOMMIT[0m
  [1m[36mTRANSACTION (0.1ms)[0m  [1m[35mBEGIN[0m
  [1m[36mActor Create (0.5ms)[0m  [1m[32mINSERT INTO "actors" ("first_name", "last_name", "known_for", "created_at", "updated_at") VALUES ($1, $2, $3, $4, $5) RETURNING "id"[0m  [["first_name", "Allen"], ["last_name", "MacGyver"], ["known_for", "Star Wars: Episode II – Attack of the Clones"], ["created_at", "2022-07-01 15:12:56.991468"], ["updated_at", "2022-07-01 15:12:56.991468"]]
  [1m[36mTRANSACTION (0.2ms)[0m  [1m[35mCOMMIT[0m
  [1m[36mTRANSACTION (0.1ms)[0m  [1m[35mBEGIN[0m
  [1m[36mActor Create (0.3ms)[0m  [1m[32mINSERT INTO "actors" ("first_name", "last_name", "known_for", "created_at", "updated_at") VALUES ($1, $2, $3, $4, $5) RETURNING "id"[0m  [["first_name", "Deloris"], ["last_name", "Stroman"], ["known_for", "Grave of the Fireflies"], ["created_at", "2022-07-01 15:12:56.994199"], ["updated_at", "2022-07-01 15:12:56.994199"]]
  [1m[36mTRANSACTION (0.2ms)[0m  [1m[35mCOMMIT[0m
  [1m[36mTRANSACTION (0.1ms)[0m  [1m[35mBEGIN[0m
  [1m[36mActor Create (0.4ms)[0m  [1m[32mINSERT INTO "actors" ("first_name", "last_name", "known_for", "created_at", "updated_at") VALUES ($1, $2, $3, $4, $5) RETURNING "id"[0m  [["first_name", "Jeromy"], ["last_name", "Torp"], ["known_for", "Terminator 2: Judgment Day"], ["created_at", "2022-07-01 15:12:56.996749"], ["updated_at", "2022-07-01 15:12:56.996749"]]
  [1m[36mTRANSACTION (0.3ms)[0m  [1m[35mCOMMIT[0m
  [1m[36mTRANSACTION (0.1ms)[0m  [1m[35mBEGIN[0m
  [1m[36mActor Create (0.2ms)[0m  [1m[32mINSERT INTO "actors" ("first_name", "last_name", "known_for", "created_at", "updated_at") VALUES ($1, $2, $3, $4, $5) RETURNING "id"[0m  [["first_name", "Elvira"], ["last_name", "Schroeder"], ["known_for", "Braveheart"], ["created_at", "2022-07-01 15:12:56.999480"], ["updated_at", "2022-07-01 15:12:56.999480"]]
  [1m[36mTRANSACTION (0.2ms)[0m  [1m[35mCOMMIT[0m
  [1m[36mTRANSACTION (0.1ms)[0m  [1m[35mBEGIN[0m
  [1m[36mActor Create (0.2ms)[0m  [1m[32mINSERT INTO "actors" ("first_name", "last_name", "known_for", "created_at", "updated_at") VALUES ($1, $2, $3, $4, $5) RETURNING "id"[0m  [["first_name", "Gino"], ["last_name", "Swift"], ["known_for", "Touch of Evil"], ["created_at", "2022-07-01 15:12:57.002063"], ["updated_at", "2022-07-01 15:12:57.002063"]]
  [1m[36mTRANSACTION (0.2ms)[0m  [1m[35mCOMMIT[0m
  [1m[36mTRANSACTION (0.1ms)[0m  [1m[35mBEGIN[0m
  [1m[36mActor Create (0.2ms)[0m  [1m[32mINSERT INTO "actors" ("first_name", "last_name", "known_for", "created_at", "updated_at") VALUES ($1, $2, $3, $4, $5) RETURNING "id"[0m  [["first_name", "Carie"], ["last_name", "Cremin"], ["known_for", "Apocalypse Now"], ["created_at", "2022-07-01 15:12:57.004523"], ["updated_at", "2022-07-01 15:12:57.004523"]]
  [1m[36mTRANSACTION (0.2ms)[0m  [1m[35mCOMMIT[0m
Started GET "/actors/all" for ::1 at 2022-07-01 10:13:54 -0500
  [1m[36mActiveRecord::SchemaMigration Pluck (1.5ms)[0m  [1m[34mSELECT "schema_migrations"."version" FROM "schema_migrations" ORDER BY "schema_migrations"."version" ASC[0m
Processing by ActorsController#actors_by_id as HTML
  Parameters: {"id"=>"all"}
  [1m[36mActor Load (4.6ms)[0m  [1m[34mSELECT "actors".* FROM "actors" WHERE "actors"."id" = $1 LIMIT $2[0m  [["id", nil], ["LIMIT", 1]]
  ↳ app/controllers/application_controller.rb:3:in `actors_by_id'
Completed 200 OK in 16ms (Views: 0.2ms | ActiveRecord: 8.1ms | Allocations: 5094)


Started GET "/all" for ::1 at 2022-07-01 10:15:35 -0500
Processing by ActorsController#actors_all as HTML
  [1m[36mActor Load (0.7ms)[0m  [1m[34mSELECT "actors".* FROM "actors"[0m
  ↳ app/controllers/application_controller.rb:9:in `actors_all'
Completed 200 OK in 16ms (Views: 0.5ms | ActiveRecord: 8.5ms | Allocations: 7191)


  [1m[36mActiveRecord::SchemaMigration Pluck (1.2ms)[0m  [1m[34mSELECT "schema_migrations"."version" FROM "schema_migrations" ORDER BY "schema_migrations"."version" ASC[0m
  [1m[36mTRANSACTION (0.1ms)[0m  [1m[35mBEGIN[0m
  [1m[36mActor Create (0.9ms)[0m  [1m[32mINSERT INTO "actors" ("first_name", "last_name", "known_for", "created_at", "updated_at") VALUES ($1, $2, $3, $4, $5) RETURNING "id"[0m  [["first_name", "Jackqueline"], ["last_name", "MacGyver"], ["known_for", "Spirited Away"], ["created_at", "2022-07-01 15:15:50.536216"], ["updated_at", "2022-07-01 15:15:50.536216"]]
  [1m[36mTRANSACTION (0.9ms)[0m  [1m[35mCOMMIT[0m
  [1m[36mTRANSACTION (0.1ms)[0m  [1m[35mBEGIN[0m
  [1m[36mActor Create (0.3ms)[0m  [1m[32mINSERT INTO "actors" ("first_name", "last_name", "known_for", "created_at", "updated_at") VALUES ($1, $2, $3, $4, $5) RETURNING "id"[0m  [["first_name", "Franklyn"], ["last_name", "Kemmer"], ["known_for", "Star Wars: Episode V - The Empire Strikes Back"], ["created_at", "2022-07-01 15:15:50.541524"], ["updated_at", "2022-07-01 15:15:50.541524"]]
  [1m[36mTRANSACTION (0.3ms)[0m  [1m[35mCOMMIT[0m
  [1m[36mTRANSACTION (0.1ms)[0m  [1m[35mBEGIN[0m
  [1m[36mActor Create (0.3ms)[0m  [1m[32mINSERT INTO "actors" ("first_name", "last_name", "known_for", "created_at", "updated_at") VALUES ($1, $2, $3, $4, $5) RETURNING "id"[0m  [["first_name", "Rene"], ["last_name", "Feeney"], ["known_for", "Monsters, Inc."], ["created_at", "2022-07-01 15:15:50.544061"], ["updated_at", "2022-07-01 15:15:50.544061"]]
  [1m[36mTRANSACTION (0.2ms)[0m  [1m[35mCOMMIT[0m
  [1m[36mTRANSACTION (0.1ms)[0m  [1m[35mBEGIN[0m
  [1m[36mActor Create (0.2ms)[0m  [1m[32mINSERT INTO "actors" ("first_name", "last_name", "known_for", "created_at", "updated_at") VALUES ($1, $2, $3, $4, $5) RETURNING "id"[0m  [["first_name", "Joseph"], ["last_name", "Wuckert"], ["known_for", "Pulp Fiction"], ["created_at", "2022-07-01 15:15:50.546468"], ["updated_at", "2022-07-01 15:15:50.546468"]]
  [1m[36mTRANSACTION (0.2ms)[0m  [1m[35mCOMMIT[0m
  [1m[36mTRANSACTION (0.3ms)[0m  [1m[35mBEGIN[0m
  [1m[36mActor Create (0.3ms)[0m  [1m[32mINSERT INTO "actors" ("first_name", "last_name", "known_for", "created_at", "updated_at") VALUES ($1, $2, $3, $4, $5) RETURNING "id"[0m  [["first_name", "Chantel"], ["last_name", "Collier"], ["known_for", "Monsters, Inc."], ["created_at", "2022-07-01 15:15:50.548850"], ["updated_at", "2022-07-01 15:15:50.548850"]]
  [1m[36mTRANSACTION (0.3ms)[0m  [1m[35mCOMMIT[0m
  [1m[36mTRANSACTION (0.1ms)[0m  [1m[35mBEGIN[0m
  [1m[36mActor Create (0.2ms)[0m  [1m[32mINSERT INTO "actors" ("first_name", "last_name", "known_for", "created_at", "updated_at") VALUES ($1, $2, $3, $4, $5) RETURNING "id"[0m  [["first_name", "Chloe"], ["last_name", "Huels"], ["known_for", "Good Will Hunting"], ["created_at", "2022-07-01 15:15:50.551628"], ["updated_at", "2022-07-01 15:15:50.551628"]]
  [1m[36mTRANSACTION (0.2ms)[0m  [1m[35mCOMMIT[0m
  [1m[36mTRANSACTION (0.1ms)[0m  [1m[35mBEGIN[0m
  [1m[36mActor Create (0.2ms)[0m  [1m[32mINSERT INTO "actors" ("first_name", "last_name", "known_for", "created_at", "updated_at") VALUES ($1, $2, $3, $4, $5) RETURNING "id"[0m  [["first_name", "Jerold"], ["last_name", "Kovacek"], ["known_for", "Heat"], ["created_at", "2022-07-01 15:15:50.553973"], ["updated_at", "2022-07-01 15:15:50.553973"]]
  [1m[36mTRANSACTION (0.2ms)[0m  [1m[35mCOMMIT[0m
  [1m[36mTRANSACTION (0.1ms)[0m  [1m[35mBEGIN[0m
  [1m[36mActor Create (0.4ms)[0m  [1m[32mINSERT INTO "actors" ("first_name", "last_name", "known_for", "created_at", "updated_at") VALUES ($1, $2, $3, $4, $5) RETURNING "id"[0m  [["first_name", "Celesta"], ["last_name", "Rutherford"], ["known_for", "Forrest Gump"], ["created_at", "2022-07-01 15:15:50.556340"], ["updated_at", "2022-07-01 15:15:50.556340"]]
  [1m[36mTRANSACTION (0.2ms)[0m  [1m[35mCOMMIT[0m
  [1m[36mTRANSACTION (0.1ms)[0m  [1m[35mBEGIN[0m
  [1m[36mActor Create (0.2ms)[0m  [1m[32mINSERT INTO "actors" ("first_name", "last_name", "known_for", "created_at", "updated_at") VALUES ($1, $2, $3, $4, $5) RETURNING "id"[0m  [["first_name", "Pansy"], ["last_name", "Wuckert"], ["known_for", "The Lord of the Rings: The Fellowship of the Ring"], ["created_at", "2022-07-01 15:15:50.558957"], ["updated_at", "2022-07-01 15:15:50.558957"]]
  [1m[36mTRANSACTION (0.2ms)[0m  [1m[35mCOMMIT[0m
  [1m[36mTRANSACTION (0.1ms)[0m  [1m[35mBEGIN[0m
  [1m[36mActor Create (0.5ms)[0m  [1m[32mINSERT INTO "actors" ("first_name", "last_name", "known_for", "created_at", "updated_at") VALUES ($1, $2, $3, $4, $5) RETURNING "id"[0m  [["first_name", "Felice"], ["last_name", "Murazik"], ["known_for", "Sholay"], ["created_at", "2022-07-01 15:15:50.561265"], ["updated_at", "2022-07-01 15:15:50.561265"]]
  [1m[36mTRANSACTION (0.3ms)[0m  [1m[35mCOMMIT[0m
Started GET "/all" for ::1 at 2022-07-01 10:15:52 -0500
Processing by ActorsController#actors_all as HTML
  [1m[36mActor Load (1.0ms)[0m  [1m[34mSELECT "actors".* FROM "actors"[0m
  ↳ app/controllers/application_controller.rb:9:in `actors_all'
Completed 200 OK in 14ms (Views: 1.9ms | ActiveRecord: 1.0ms | Allocations: 3384)


